{
  "C:/Users/Antony/Desktop/SkShH - Web-dev/SkillShare-Hub/skillshare-hub/web/src/components/Header.jsx": {
    "path": "C:/Users/Antony/Desktop/SkShH - Web-dev/SkillShare-Hub/skillshare-hub/web/src/components/Header.jsx",
    "statementMap": {
      "0": {
        "start": {
          "line": 3,
          "column": 20
        },
        "end": {
          "line": 3,
          "column": 97
        }
      },
      "1": {
        "start": {
          "line": 6,
          "column": 0
        },
        "end": {
          "line": 16,
          "column": 1
        }
      },
      "2": {
        "start": {
          "line": 7,
          "column": 2
        },
        "end": {
          "line": 11,
          "column": 3
        }
      },
      "3": {
        "start": {
          "line": 8,
          "column": 4
        },
        "end": {
          "line": 10,
          "column": 6
        }
      },
      "4": {
        "start": {
          "line": 12,
          "column": 2
        },
        "end": {
          "line": 12,
          "column": 39
        }
      },
      "5": {
        "start": {
          "line": 13,
          "column": 2
        },
        "end": {
          "line": 13,
          "column": 39
        }
      },
      "6": {
        "start": {
          "line": 14,
          "column": 2
        },
        "end": {
          "line": 14,
          "column": 156
        }
      },
      "7": {
        "start": {
          "line": 15,
          "column": 2
        },
        "end": {
          "line": 15,
          "column": 75
        }
      },
      "8": {
        "start": {
          "line": 17,
          "column": 9
        },
        "end": {
          "line": 17,
          "column": 23
        }
      },
      "9": {
        "start": {
          "line": 21,
          "column": 2
        },
        "end": {
          "line": 21,
          "column": 7
        }
      },
      "10": {
        "start": {
          "line": 22,
          "column": 19
        },
        "end": {
          "line": 22,
          "column": 32
        }
      },
      "11": {
        "start": {
          "line": 23,
          "column": 26
        },
        "end": {
          "line": 25,
          "column": 3
        }
      },
      "12": {
        "start": {
          "line": 24,
          "column": 4
        },
        "end": {
          "line": 24,
          "column": 17
        }
      },
      "13": {
        "start": {
          "line": 26,
          "column": 26
        },
        "end": {
          "line": 28,
          "column": 3
        }
      },
      "14": {
        "start": {
          "line": 27,
          "column": 4
        },
        "end": {
          "line": 27,
          "column": 32
        }
      },
      "15": {
        "start": {
          "line": 29,
          "column": 2
        },
        "end": {
          "line": 92,
          "column": 11
        }
      },
      "16": {
        "start": {
          "line": 94,
          "column": 0
        },
        "end": {
          "line": 96,
          "column": 3
        }
      },
      "17": {
        "start": {
          "line": 95,
          "column": 2
        },
        "end": {
          "line": 95,
          "column": 23
        }
      },
      "18": {
        "start": {
          "line": 97,
          "column": 0
        },
        "end": {
          "line": 97,
          "column": 12
        }
      },
      "19": {
        "start": {
          "line": 98,
          "column": 17
        },
        "end": {
          "line": 119,
          "column": 8
        }
      },
      "20": {
        "start": {
          "line": 98,
          "column": 39
        },
        "end": {
          "line": 119,
          "column": 8
        }
      },
      "21": {
        "start": {
          "line": 120,
          "column": 0
        },
        "end": {
          "line": 120,
          "column": 15
        }
      },
      "22": {
        "start": {
          "line": 121,
          "column": 17
        },
        "end": {
          "line": 141,
          "column": 8
        }
      },
      "23": {
        "start": {
          "line": 121,
          "column": 39
        },
        "end": {
          "line": 141,
          "column": 8
        }
      },
      "24": {
        "start": {
          "line": 142,
          "column": 0
        },
        "end": {
          "line": 142,
          "column": 15
        }
      },
      "25": {
        "start": {
          "line": 144,
          "column": 0
        },
        "end": {
          "line": 144,
          "column": 27
        }
      },
      "26": {
        "start": {
          "line": 145,
          "column": 0
        },
        "end": {
          "line": 145,
          "column": 30
        }
      },
      "27": {
        "start": {
          "line": 146,
          "column": 0
        },
        "end": {
          "line": 146,
          "column": 30
        }
      },
      "28": {
        "start": {
          "line": 147,
          "column": 0
        },
        "end": {
          "line": 150,
          "column": 1
        }
      },
      "29": {
        "start": {
          "line": 148,
          "column": 2
        },
        "end": {
          "line": 148,
          "column": 39
        }
      },
      "30": {
        "start": {
          "line": 149,
          "column": 2
        },
        "end": {
          "line": 149,
          "column": 39
        }
      },
      "31": {
        "start": {
          "line": 151,
          "column": 0
        },
        "end": {
          "line": 160,
          "column": 1
        }
      },
      "32": {
        "start": {
          "line": 152,
          "column": 2
        },
        "end": {
          "line": 159,
          "column": 5
        }
      },
      "33": {
        "start": {
          "line": 153,
          "column": 4
        },
        "end": {
          "line": 153,
          "column": 169
        }
      },
      "34": {
        "start": {
          "line": 154,
          "column": 4
        },
        "end": {
          "line": 158,
          "column": 7
        }
      },
      "35": {
        "start": {
          "line": 155,
          "column": 6
        },
        "end": {
          "line": 155,
          "column": 31
        }
      },
      "36": {
        "start": {
          "line": 155,
          "column": 24
        },
        "end": {
          "line": 155,
          "column": 31
        }
      },
      "37": {
        "start": {
          "line": 156,
          "column": 32
        },
        "end": {
          "line": 156,
          "column": 218
        }
      },
      "38": {
        "start": {
          "line": 157,
          "column": 6
        },
        "end": {
          "line": 157,
          "column": 75
        }
      },
      "39": {
        "start": {
          "line": 157,
          "column": 29
        },
        "end": {
          "line": 157,
          "column": 75
        }
      }
    },
    "fnMap": {
      "0": {
        "name": "Header",
        "decl": {
          "start": {
            "line": 20,
            "column": 24
          },
          "end": {
            "line": 20,
            "column": 30
          }
        },
        "loc": {
          "start": {
            "line": 20,
            "column": 70
          },
          "end": {
            "line": 93,
            "column": 1
          }
        },
        "line": 20
      },
      "1": {
        "name": "(anonymous_1)",
        "decl": {
          "start": {
            "line": 23,
            "column": 26
          },
          "end": {
            "line": 23,
            "column": 27
          }
        },
        "loc": {
          "start": {
            "line": 23,
            "column": 32
          },
          "end": {
            "line": 25,
            "column": 3
          }
        },
        "line": 23
      },
      "2": {
        "name": "(anonymous_2)",
        "decl": {
          "start": {
            "line": 26,
            "column": 26
          },
          "end": {
            "line": 26,
            "column": 27
          }
        },
        "loc": {
          "start": {
            "line": 26,
            "column": 32
          },
          "end": {
            "line": 28,
            "column": 3
          }
        },
        "line": 26
      },
      "3": {
        "name": "(anonymous_3)",
        "decl": {
          "start": {
            "line": 94,
            "column": 50
          },
          "end": {
            "line": 94,
            "column": 51
          }
        },
        "loc": {
          "start": {
            "line": 94,
            "column": 61
          },
          "end": {
            "line": 96,
            "column": 1
          }
        },
        "line": 94
      },
      "4": {
        "name": "(anonymous_4)",
        "decl": {
          "start": {
            "line": 98,
            "column": 17
          },
          "end": {
            "line": 98,
            "column": 18
          }
        },
        "loc": {
          "start": {
            "line": 98,
            "column": 39
          },
          "end": {
            "line": 119,
            "column": 8
          }
        },
        "line": 98
      },
      "5": {
        "name": "(anonymous_5)",
        "decl": {
          "start": {
            "line": 121,
            "column": 17
          },
          "end": {
            "line": 121,
            "column": 18
          }
        },
        "loc": {
          "start": {
            "line": 121,
            "column": 39
          },
          "end": {
            "line": 141,
            "column": 8
          }
        },
        "line": 121
      },
      "6": {
        "name": "(anonymous_6)",
        "decl": {
          "start": {
            "line": 152,
            "column": 52
          },
          "end": {
            "line": 152,
            "column": 53
          }
        },
        "loc": {
          "start": {
            "line": 152,
            "column": 72
          },
          "end": {
            "line": 159,
            "column": 3
          }
        },
        "line": 152
      },
      "7": {
        "name": "(anonymous_7)",
        "decl": {
          "start": {
            "line": 154,
            "column": 27
          },
          "end": {
            "line": 154,
            "column": 28
          }
        },
        "loc": {
          "start": {
            "line": 154,
            "column": 44
          },
          "end": {
            "line": 158,
            "column": 5
          }
        },
        "line": 154
      }
    },
    "branchMap": {
      "0": {
        "loc": {
          "start": {
            "line": 3,
            "column": 20
          },
          "end": {
            "line": 3,
            "column": 97
          }
        },
        "type": "binary-expr",
        "locations": [
          {
            "start": {
              "line": 3,
              "column": 20
            },
            "end": {
              "line": 3,
              "column": 60
            }
          },
          {
            "start": {
              "line": 3,
              "column": 64
            },
            "end": {
              "line": 3,
              "column": 97
            }
          }
        ],
        "line": 3
      },
      "1": {
        "loc": {
          "start": {
            "line": 6,
            "column": 0
          },
          "end": {
            "line": 16,
            "column": 1
          }
        },
        "type": "if",
        "locations": [
          {
            "start": {
              "line": 6,
              "column": 0
            },
            "end": {
              "line": 16,
              "column": 1
            }
          },
          {
            "start": {},
            "end": {}
          }
        ],
        "line": 6
      },
      "2": {
        "loc": {
          "start": {
            "line": 6,
            "column": 4
          },
          "end": {
            "line": 6,
            "column": 35
          }
        },
        "type": "binary-expr",
        "locations": [
          {
            "start": {
              "line": 6,
              "column": 4
            },
            "end": {
              "line": 6,
              "column": 19
            }
          },
          {
            "start": {
              "line": 6,
              "column": 23
            },
            "end": {
              "line": 6,
              "column": 35
            }
          }
        ],
        "line": 6
      },
      "3": {
        "loc": {
          "start": {
            "line": 7,
            "column": 2
          },
          "end": {
            "line": 11,
            "column": 3
          }
        },
        "type": "if",
        "locations": [
          {
            "start": {
              "line": 7,
              "column": 2
            },
            "end": {
              "line": 11,
              "column": 3
            }
          },
          {
            "start": {},
            "end": {}
          }
        ],
        "line": 7
      },
      "4": {
        "loc": {
          "start": {
            "line": 20,
            "column": 40
          },
          "end": {
            "line": 20,
            "column": 52
          }
        },
        "type": "default-arg",
        "locations": [
          {
            "start": {
              "line": 20,
              "column": 47
            },
            "end": {
              "line": 20,
              "column": 52
            }
          }
        ],
        "line": 20
      },
      "5": {
        "loc": {
          "start": {
            "line": 20,
            "column": 54
          },
          "end": {
            "line": 20,
            "column": 66
          }
        },
        "type": "default-arg",
        "locations": [
          {
            "start": {
              "line": 20,
              "column": 61
            },
            "end": {
              "line": 20,
              "column": 66
            }
          }
        ],
        "line": 20
      },
      "6": {
        "loc": {
          "start": {
            "line": 31,
            "column": 6
          },
          "end": {
            "line": 51,
            "column": 7
          }
        },
        "type": "binary-expr",
        "locations": [
          {
            "start": {
              "line": 31,
              "column": 6
            },
            "end": {
              "line": 31,
              "column": 10
            }
          },
          {
            "start": {
              "line": 31,
              "column": 30
            },
            "end": {
              "line": 51,
              "column": 7
            }
          }
        ],
        "line": 31
      },
      "7": {
        "loc": {
          "start": {
            "line": 52,
            "column": 6
          },
          "end": {
            "line": 72,
            "column": 7
          }
        },
        "type": "binary-expr",
        "locations": [
          {
            "start": {
              "line": 52,
              "column": 6
            },
            "end": {
              "line": 52,
              "column": 10
            }
          },
          {
            "start": {
              "line": 52,
              "column": 30
            },
            "end": {
              "line": 72,
              "column": 7
            }
          }
        ],
        "line": 52
      },
      "8": {
        "loc": {
          "start": {
            "line": 147,
            "column": 0
          },
          "end": {
            "line": 150,
            "column": 1
          }
        },
        "type": "if",
        "locations": [
          {
            "start": {
              "line": 147,
              "column": 0
            },
            "end": {
              "line": 150,
              "column": 1
            }
          },
          {
            "start": {},
            "end": {}
          }
        ],
        "line": 147
      },
      "9": {
        "loc": {
          "start": {
            "line": 147,
            "column": 4
          },
          "end": {
            "line": 147,
            "column": 35
          }
        },
        "type": "binary-expr",
        "locations": [
          {
            "start": {
              "line": 147,
              "column": 4
            },
            "end": {
              "line": 147,
              "column": 19
            }
          },
          {
            "start": {
              "line": 147,
              "column": 23
            },
            "end": {
              "line": 147,
              "column": 35
            }
          }
        ],
        "line": 147
      },
      "10": {
        "loc": {
          "start": {
            "line": 151,
            "column": 0
          },
          "end": {
            "line": 160,
            "column": 1
          }
        },
        "type": "if",
        "locations": [
          {
            "start": {
              "line": 151,
              "column": 0
            },
            "end": {
              "line": 160,
              "column": 1
            }
          },
          {
            "start": {},
            "end": {}
          }
        ],
        "line": 151
      },
      "11": {
        "loc": {
          "start": {
            "line": 151,
            "column": 4
          },
          "end": {
            "line": 151,
            "column": 35
          }
        },
        "type": "binary-expr",
        "locations": [
          {
            "start": {
              "line": 151,
              "column": 4
            },
            "end": {
              "line": 151,
              "column": 19
            }
          },
          {
            "start": {
              "line": 151,
              "column": 23
            },
            "end": {
              "line": 151,
              "column": 35
            }
          }
        ],
        "line": 151
      },
      "12": {
        "loc": {
          "start": {
            "line": 155,
            "column": 6
          },
          "end": {
            "line": 155,
            "column": 31
          }
        },
        "type": "if",
        "locations": [
          {
            "start": {
              "line": 155,
              "column": 6
            },
            "end": {
              "line": 155,
              "column": 31
            }
          },
          {
            "start": {},
            "end": {}
          }
        ],
        "line": 155
      },
      "13": {
        "loc": {
          "start": {
            "line": 157,
            "column": 6
          },
          "end": {
            "line": 157,
            "column": 75
          }
        },
        "type": "if",
        "locations": [
          {
            "start": {
              "line": 157,
              "column": 6
            },
            "end": {
              "line": 157,
              "column": 75
            }
          },
          {
            "start": {},
            "end": {}
          }
        ],
        "line": 157
      }
    },
    "s": {
      "0": 2,
      "1": 2,
      "2": 2,
      "3": 0,
      "4": 2,
      "5": 2,
      "6": 2,
      "7": 2,
      "8": 2,
      "9": 4,
      "10": 4,
      "11": 4,
      "12": 0,
      "13": 4,
      "14": 0,
      "15": 4,
      "16": 2,
      "17": 2,
      "18": 2,
      "19": 2,
      "20": 4,
      "21": 2,
      "22": 2,
      "23": 0,
      "24": 2,
      "25": 2,
      "26": 2,
      "27": 2,
      "28": 2,
      "29": 2,
      "30": 2,
      "31": 2,
      "32": 2,
      "33": 2,
      "34": 2,
      "35": 0,
      "36": 0,
      "37": 0,
      "38": 0,
      "39": 0
    },
    "f": {
      "0": 4,
      "1": 0,
      "2": 0,
      "3": 2,
      "4": 4,
      "5": 0,
      "6": 2,
      "7": 0
    },
    "b": {
      "0": [
        2,
        0
      ],
      "1": [
        2,
        0
      ],
      "2": [
        2,
        2
      ],
      "3": [
        0,
        2
      ],
      "4": [
        0
      ],
      "5": [
        4
      ],
      "6": [
        4,
        4
      ],
      "7": [
        4,
        0
      ],
      "8": [
        2,
        0
      ],
      "9": [
        2,
        2
      ],
      "10": [
        2,
        0
      ],
      "11": [
        2,
        2
      ],
      "12": [
        0,
        0
      ],
      "13": [
        0,
        0
      ]
    },
    "inputSourceMap": {
      "version": 3,
      "mappings": "AAuBY;;;;;;;;;;;;;;;;;AAvBZ,OAAOA,YAAY;AACnB,SAASC,mBAAmB;AAE5B,wBAAwBC,OAAO,EAAEC,OAAOC,OAAO,OAAOC,OAAO,MAAM,GAAG;AAAAC,KAAA;AACpE,QAAMC,WAAWN,YAAY;AAE7B,QAAMO,kBAAkBA,MAAM;AAC5BD,aAAS,EAAE;AAAA,EACb;AAEA,QAAME,kBAAkBA,MAAM;AAC5BC,YAAQC,IAAI,cAAc;AAAA,EAC5B;AAEA,SACE,uBAAC,YAAO,WAAWX,OAAOY,QACxB;AAAA,2BAAC,SAAI,WAAWZ,OAAOa,MACpBT;AAAAA,cACC;AAAA,QAAC;AAAA;AAAA,UACC,SAASI;AAAAA,UACT,WAAW,GAAGR,OAAOc,UAAU,IAAId,OAAOe,UAAU;AAAA,UACpD,cAAW;AAAA,UAEX,iCAAC,cAAD;AAAA;AAAA;AAAA;AAAA,iBAAS;AAAA;AAAA,QALX;AAAA;AAAA;AAAA;AAAA;AAAA;AAAA;AAAA;AAAA,MAMA;AAAA,MAEDV,QACC;AAAA,QAAC;AAAA;AAAA,UACC,SAASI;AAAAA,UACT,WAAW,GAAGT,OAAOc,UAAU,IAAId,OAAOgB,UAAU;AAAA,UACpD,cAAW;AAAA,UAEX,iCAAC,cAAD;AAAA;AAAA;AAAA;AAAA,iBAAS;AAAA;AAAA,QALX;AAAA;AAAA;AAAA;AAAA;AAAA;AAAA;AAAA;AAAA,MAMA;AAAA,SAjBJ;AAAA;AAAA;AAAA;AAAA,WAmBA;AAAA,IAEA,uBAAC,QAAG,WAAWhB,OAAOG,OAAQA,mBAA9B;AAAA;AAAA;AAAA;AAAA,WAAoC;AAAA,IACpC,uBAAC,SAAI,WAAWH,OAAOa,QAAvB;AAAA;AAAA;AAAA;AAAA,WAA4B;AAAA,OAvB9B;AAAA;AAAA;AAAA;AAAA,SAwBA;AAEJ;AAACP,GAtCuBJ,QAAM;AAAA,UACXD,WAAW;AAAA;AAAAgB,KADNf;AAwCxB,MAAMgB,WAAWA,MACf,uBAAC,SAAI,OAAM,MAAK,QAAO,MAAK,SAAQ,aAAY,MAAK,QACnD;AAAA,EAAC;AAAA;AAAA,IACC,GAAE;AAAA,IACF,QAAO;AAAA,IACP,aAAY;AAAA,IACZ,eAAc;AAAA,IACd,gBAAe;AAAA;AAAA,EALjB;AAAA;AAAA;AAAA;AAAA;AAAA;AAAA;AAAA;AAKwB,KAN1B;AAAA;AAAA;AAAA;AAAA,OAQA;AACAC,MAVID;AAYN,MAAME,WAAWA,MACf,uBAAC,SAAI,OAAM,MAAK,QAAO,MAAK,SAAQ,aAAY,MAAK,QACnD;AAAA,EAAC;AAAA;AAAA,IACC,GAAE;AAAA,IACF,QAAO;AAAA,IACP,aAAY;AAAA,IACZ,eAAc;AAAA;AAAA,EAJhB;AAAA;AAAA;AAAA;AAAA;AAAA;AAAA;AAAA;AAIuB,KALzB;AAAA;AAAA;AAAA;AAAA,OAOA;AACAC,MATID;AAAQ,IAAAH,IAAAE,KAAAE;AAAAC,aAAAL,IAAA;AAAAK,aAAAH,KAAA;AAAAG,aAAAD,KAAA",
      "names": [
        "styles",
        "useNavigate",
        "Header",
        "title",
        "back",
        "menu",
        "_s",
        "navigate",
        "handleBackClick",
        "handleMenuClick",
        "console",
        "log",
        "header",
        "side",
        "iconButton",
        "backButton",
        "menuButton",
        "_c",
        "BackIcon",
        "_c2",
        "MenuIcon",
        "_c3",
        "$RefreshReg$"
      ],
      "ignoreList": [],
      "sources": [
        "C:/Users/Antony/Desktop/SkShH - Web-dev/SkillShare-Hub/skillshare-hub/web/src/components/Header.jsx"
      ],
      "file": "C:/Users/Antony/Desktop/SkShH - Web-dev/SkillShare-Hub/skillshare-hub/web/src/components/Header.jsx"
    },
    "_coverageSchema": "1a1c01bbd47fc00a2c39e90264f33305004495a9",
    "hash": "9c072fcaed52e29c2f8adf7b4ec99403e02a40bb"
  },
  "C:/Users/Antony/Desktop/SkShH - Web-dev/SkillShare-Hub/skillshare-hub/web/src/components/SkillTag.jsx": {
    "path": "C:/Users/Antony/Desktop/SkShH - Web-dev/SkillShare-Hub/skillshare-hub/web/src/components/SkillTag.jsx",
    "statementMap": {
      "0": {
        "start": {
          "line": 3,
          "column": 20
        },
        "end": {
          "line": 3,
          "column": 97
        }
      },
      "1": {
        "start": {
          "line": 6,
          "column": 0
        },
        "end": {
          "line": 16,
          "column": 1
        }
      },
      "2": {
        "start": {
          "line": 7,
          "column": 2
        },
        "end": {
          "line": 11,
          "column": 3
        }
      },
      "3": {
        "start": {
          "line": 8,
          "column": 4
        },
        "end": {
          "line": 10,
          "column": 6
        }
      },
      "4": {
        "start": {
          "line": 12,
          "column": 2
        },
        "end": {
          "line": 12,
          "column": 39
        }
      },
      "5": {
        "start": {
          "line": 13,
          "column": 2
        },
        "end": {
          "line": 13,
          "column": 39
        }
      },
      "6": {
        "start": {
          "line": 14,
          "column": 2
        },
        "end": {
          "line": 14,
          "column": 158
        }
      },
      "7": {
        "start": {
          "line": 15,
          "column": 2
        },
        "end": {
          "line": 15,
          "column": 75
        }
      },
      "8": {
        "start": {
          "line": 19,
          "column": 2
        },
        "end": {
          "line": 23,
          "column": 11
        }
      },
      "9": {
        "start": {
          "line": 25,
          "column": 0
        },
        "end": {
          "line": 25,
          "column": 14
        }
      },
      "10": {
        "start": {
          "line": 27,
          "column": 0
        },
        "end": {
          "line": 27,
          "column": 29
        }
      },
      "11": {
        "start": {
          "line": 28,
          "column": 0
        },
        "end": {
          "line": 31,
          "column": 1
        }
      },
      "12": {
        "start": {
          "line": 29,
          "column": 2
        },
        "end": {
          "line": 29,
          "column": 39
        }
      },
      "13": {
        "start": {
          "line": 30,
          "column": 2
        },
        "end": {
          "line": 30,
          "column": 39
        }
      },
      "14": {
        "start": {
          "line": 32,
          "column": 0
        },
        "end": {
          "line": 41,
          "column": 1
        }
      },
      "15": {
        "start": {
          "line": 33,
          "column": 2
        },
        "end": {
          "line": 40,
          "column": 5
        }
      },
      "16": {
        "start": {
          "line": 34,
          "column": 4
        },
        "end": {
          "line": 34,
          "column": 171
        }
      },
      "17": {
        "start": {
          "line": 35,
          "column": 4
        },
        "end": {
          "line": 39,
          "column": 7
        }
      },
      "18": {
        "start": {
          "line": 36,
          "column": 6
        },
        "end": {
          "line": 36,
          "column": 31
        }
      },
      "19": {
        "start": {
          "line": 36,
          "column": 24
        },
        "end": {
          "line": 36,
          "column": 31
        }
      },
      "20": {
        "start": {
          "line": 37,
          "column": 32
        },
        "end": {
          "line": 37,
          "column": 220
        }
      },
      "21": {
        "start": {
          "line": 38,
          "column": 6
        },
        "end": {
          "line": 38,
          "column": 75
        }
      },
      "22": {
        "start": {
          "line": 38,
          "column": 29
        },
        "end": {
          "line": 38,
          "column": 75
        }
      }
    },
    "fnMap": {
      "0": {
        "name": "SkillTag",
        "decl": {
          "start": {
            "line": 18,
            "column": 24
          },
          "end": {
            "line": 18,
            "column": 32
          }
        },
        "loc": {
          "start": {
            "line": 18,
            "column": 47
          },
          "end": {
            "line": 24,
            "column": 1
          }
        },
        "line": 18
      },
      "1": {
        "name": "(anonymous_1)",
        "decl": {
          "start": {
            "line": 33,
            "column": 52
          },
          "end": {
            "line": 33,
            "column": 53
          }
        },
        "loc": {
          "start": {
            "line": 33,
            "column": 72
          },
          "end": {
            "line": 40,
            "column": 3
          }
        },
        "line": 33
      },
      "2": {
        "name": "(anonymous_2)",
        "decl": {
          "start": {
            "line": 35,
            "column": 27
          },
          "end": {
            "line": 35,
            "column": 28
          }
        },
        "loc": {
          "start": {
            "line": 35,
            "column": 44
          },
          "end": {
            "line": 39,
            "column": 5
          }
        },
        "line": 35
      }
    },
    "branchMap": {
      "0": {
        "loc": {
          "start": {
            "line": 3,
            "column": 20
          },
          "end": {
            "line": 3,
            "column": 97
          }
        },
        "type": "binary-expr",
        "locations": [
          {
            "start": {
              "line": 3,
              "column": 20
            },
            "end": {
              "line": 3,
              "column": 60
            }
          },
          {
            "start": {
              "line": 3,
              "column": 64
            },
            "end": {
              "line": 3,
              "column": 97
            }
          }
        ],
        "line": 3
      },
      "1": {
        "loc": {
          "start": {
            "line": 6,
            "column": 0
          },
          "end": {
            "line": 16,
            "column": 1
          }
        },
        "type": "if",
        "locations": [
          {
            "start": {
              "line": 6,
              "column": 0
            },
            "end": {
              "line": 16,
              "column": 1
            }
          },
          {
            "start": {},
            "end": {}
          }
        ],
        "line": 6
      },
      "2": {
        "loc": {
          "start": {
            "line": 6,
            "column": 4
          },
          "end": {
            "line": 6,
            "column": 35
          }
        },
        "type": "binary-expr",
        "locations": [
          {
            "start": {
              "line": 6,
              "column": 4
            },
            "end": {
              "line": 6,
              "column": 19
            }
          },
          {
            "start": {
              "line": 6,
              "column": 23
            },
            "end": {
              "line": 6,
              "column": 35
            }
          }
        ],
        "line": 6
      },
      "3": {
        "loc": {
          "start": {
            "line": 7,
            "column": 2
          },
          "end": {
            "line": 11,
            "column": 3
          }
        },
        "type": "if",
        "locations": [
          {
            "start": {
              "line": 7,
              "column": 2
            },
            "end": {
              "line": 11,
              "column": 3
            }
          },
          {
            "start": {},
            "end": {}
          }
        ],
        "line": 7
      },
      "4": {
        "loc": {
          "start": {
            "line": 28,
            "column": 0
          },
          "end": {
            "line": 31,
            "column": 1
          }
        },
        "type": "if",
        "locations": [
          {
            "start": {
              "line": 28,
              "column": 0
            },
            "end": {
              "line": 31,
              "column": 1
            }
          },
          {
            "start": {},
            "end": {}
          }
        ],
        "line": 28
      },
      "5": {
        "loc": {
          "start": {
            "line": 28,
            "column": 4
          },
          "end": {
            "line": 28,
            "column": 35
          }
        },
        "type": "binary-expr",
        "locations": [
          {
            "start": {
              "line": 28,
              "column": 4
            },
            "end": {
              "line": 28,
              "column": 19
            }
          },
          {
            "start": {
              "line": 28,
              "column": 23
            },
            "end": {
              "line": 28,
              "column": 35
            }
          }
        ],
        "line": 28
      },
      "6": {
        "loc": {
          "start": {
            "line": 32,
            "column": 0
          },
          "end": {
            "line": 41,
            "column": 1
          }
        },
        "type": "if",
        "locations": [
          {
            "start": {
              "line": 32,
              "column": 0
            },
            "end": {
              "line": 41,
              "column": 1
            }
          },
          {
            "start": {},
            "end": {}
          }
        ],
        "line": 32
      },
      "7": {
        "loc": {
          "start": {
            "line": 32,
            "column": 4
          },
          "end": {
            "line": 32,
            "column": 35
          }
        },
        "type": "binary-expr",
        "locations": [
          {
            "start": {
              "line": 32,
              "column": 4
            },
            "end": {
              "line": 32,
              "column": 19
            }
          },
          {
            "start": {
              "line": 32,
              "column": 23
            },
            "end": {
              "line": 32,
              "column": 35
            }
          }
        ],
        "line": 32
      },
      "8": {
        "loc": {
          "start": {
            "line": 36,
            "column": 6
          },
          "end": {
            "line": 36,
            "column": 31
          }
        },
        "type": "if",
        "locations": [
          {
            "start": {
              "line": 36,
              "column": 6
            },
            "end": {
              "line": 36,
              "column": 31
            }
          },
          {
            "start": {},
            "end": {}
          }
        ],
        "line": 36
      },
      "9": {
        "loc": {
          "start": {
            "line": 38,
            "column": 6
          },
          "end": {
            "line": 38,
            "column": 75
          }
        },
        "type": "if",
        "locations": [
          {
            "start": {
              "line": 38,
              "column": 6
            },
            "end": {
              "line": 38,
              "column": 75
            }
          },
          {
            "start": {},
            "end": {}
          }
        ],
        "line": 38
      }
    },
    "s": {
      "0": 2,
      "1": 2,
      "2": 2,
      "3": 0,
      "4": 2,
      "5": 2,
      "6": 2,
      "7": 2,
      "8": 8,
      "9": 2,
      "10": 2,
      "11": 2,
      "12": 2,
      "13": 2,
      "14": 2,
      "15": 2,
      "16": 2,
      "17": 2,
      "18": 0,
      "19": 0,
      "20": 0,
      "21": 0,
      "22": 0
    },
    "f": {
      "0": 8,
      "1": 2,
      "2": 0
    },
    "b": {
      "0": [
        2,
        0
      ],
      "1": [
        2,
        0
      ],
      "2": [
        2,
        2
      ],
      "3": [
        0,
        2
      ],
      "4": [
        2,
        0
      ],
      "5": [
        2,
        2
      ],
      "6": [
        2,
        0
      ],
      "7": [
        2,
        2
      ],
      "8": [
        0,
        0
      ],
      "9": [
        0,
        0
      ]
    },
    "inputSourceMap": {
      "version": 3,
      "mappings": "AAGS;;;;;;;;;;;;;;;;AAHT,OAAOA,YAAY;AAEnB,wBAAwBC,SAAS,EAAEC,SAAS,GAAG;AAC7C,SAAO,uBAAC,UAAK,WAAWF,OAAOG,KAAMD,YAA9B;AAAA;AAAA;AAAA;AAAA,SAAuC;AAChD;AAACE,KAFuBH;AAAQ,IAAAG;AAAAC,aAAAD,IAAA",
      "names": [
        "styles",
        "SkillTag",
        "children",
        "tag",
        "_c",
        "$RefreshReg$"
      ],
      "ignoreList": [],
      "sources": [
        "C:/Users/Antony/Desktop/SkShH - Web-dev/SkillShare-Hub/skillshare-hub/web/src/components/SkillTag.jsx"
      ],
      "file": "C:/Users/Antony/Desktop/SkShH - Web-dev/SkillShare-Hub/skillshare-hub/web/src/components/SkillTag.jsx"
    },
    "_coverageSchema": "1a1c01bbd47fc00a2c39e90264f33305004495a9",
    "hash": "9c86575705713da87332be82197deda8dec2d9e6"
  },
  "C:/Users/Antony/Desktop/SkShH - Web-dev/SkillShare-Hub/skillshare-hub/web/src/app/authContext.jsx": {
    "path": "C:/Users/Antony/Desktop/SkShH - Web-dev/SkillShare-Hub/skillshare-hub/web/src/app/authContext.jsx",
    "statementMap": {
      "0": {
        "start": {
          "line": 3,
          "column": 20
        },
        "end": {
          "line": 3,
          "column": 97
        }
      },
      "1": {
        "start": {
          "line": 6,
          "column": 0
        },
        "end": {
          "line": 16,
          "column": 1
        }
      },
      "2": {
        "start": {
          "line": 7,
          "column": 2
        },
        "end": {
          "line": 11,
          "column": 3
        }
      },
      "3": {
        "start": {
          "line": 8,
          "column": 4
        },
        "end": {
          "line": 10,
          "column": 6
        }
      },
      "4": {
        "start": {
          "line": 12,
          "column": 2
        },
        "end": {
          "line": 12,
          "column": 39
        }
      },
      "5": {
        "start": {
          "line": 13,
          "column": 2
        },
        "end": {
          "line": 13,
          "column": 39
        }
      },
      "6": {
        "start": {
          "line": 14,
          "column": 2
        },
        "end": {
          "line": 14,
          "column": 154
        }
      },
      "7": {
        "start": {
          "line": 15,
          "column": 2
        },
        "end": {
          "line": 15,
          "column": 75
        }
      },
      "8": {
        "start": {
          "line": 17,
          "column": 9
        },
        "end": {
          "line": 17,
          "column": 23
        }
      },
      "9": {
        "start": {
          "line": 17,
          "column": 31
        },
        "end": {
          "line": 17,
          "column": 45
        }
      },
      "10": {
        "start": {
          "line": 25,
          "column": 27
        },
        "end": {
          "line": 25,
          "column": 46
        }
      },
      "11": {
        "start": {
          "line": 26,
          "column": 17
        },
        "end": {
          "line": 26,
          "column": 34
        }
      },
      "12": {
        "start": {
          "line": 27,
          "column": 18
        },
        "end": {
          "line": 27,
          "column": 36
        }
      },
      "13": {
        "start": {
          "line": 28,
          "column": 16
        },
        "end": {
          "line": 28,
          "column": 43
        }
      },
      "14": {
        "start": {
          "line": 30,
          "column": 2
        },
        "end": {
          "line": 30,
          "column": 7
        }
      },
      "15": {
        "start": {
          "line": 31,
          "column": 26
        },
        "end": {
          "line": 31,
          "column": 40
        }
      },
      "16": {
        "start": {
          "line": 32,
          "column": 28
        },
        "end": {
          "line": 32,
          "column": 42
        }
      },
      "17": {
        "start": {
          "line": 33,
          "column": 40
        },
        "end": {
          "line": 33,
          "column": 54
        }
      },
      "18": {
        "start": {
          "line": 34,
          "column": 2
        },
        "end": {
          "line": 47,
          "column": 9
        }
      },
      "19": {
        "start": {
          "line": 35,
          "column": 23
        },
        "end": {
          "line": 35,
          "column": 53
        }
      },
      "20": {
        "start": {
          "line": 36,
          "column": 24
        },
        "end": {
          "line": 36,
          "column": 55
        }
      },
      "21": {
        "start": {
          "line": 37,
          "column": 4
        },
        "end": {
          "line": 45,
          "column": 5
        }
      },
      "22": {
        "start": {
          "line": 38,
          "column": 6
        },
        "end": {
          "line": 44,
          "column": 7
        }
      },
      "23": {
        "start": {
          "line": 39,
          "column": 8
        },
        "end": {
          "line": 39,
          "column": 40
        }
      },
      "24": {
        "start": {
          "line": 40,
          "column": 8
        },
        "end": {
          "line": 40,
          "column": 30
        }
      },
      "25": {
        "start": {
          "line": 42,
          "column": 8
        },
        "end": {
          "line": 42,
          "column": 42
        }
      },
      "26": {
        "start": {
          "line": 43,
          "column": 8
        },
        "end": {
          "line": 43,
          "column": 43
        }
      },
      "27": {
        "start": {
          "line": 46,
          "column": 4
        },
        "end": {
          "line": 46,
          "column": 26
        }
      },
      "28": {
        "start": {
          "line": 48,
          "column": 19
        },
        "end": {
          "line": 63,
          "column": 8
        }
      },
      "29": {
        "start": {
          "line": 49,
          "column": 16
        },
        "end": {
          "line": 53,
          "column": 6
        }
      },
      "30": {
        "start": {
          "line": 54,
          "column": 17
        },
        "end": {
          "line": 54,
          "column": 51
        }
      },
      "31": {
        "start": {
          "line": 54,
          "column": 46
        },
        "end": {
          "line": 54,
          "column": 50
        }
      },
      "32": {
        "start": {
          "line": 55,
          "column": 4
        },
        "end": {
          "line": 57,
          "column": 5
        }
      },
      "33": {
        "start": {
          "line": 56,
          "column": 6
        },
        "end": {
          "line": 56,
          "column": 61
        }
      },
      "34": {
        "start": {
          "line": 58,
          "column": 4
        },
        "end": {
          "line": 58,
          "column": 62
        }
      },
      "35": {
        "start": {
          "line": 59,
          "column": 4
        },
        "end": {
          "line": 59,
          "column": 48
        }
      },
      "36": {
        "start": {
          "line": 60,
          "column": 4
        },
        "end": {
          "line": 60,
          "column": 23
        }
      },
      "37": {
        "start": {
          "line": 61,
          "column": 4
        },
        "end": {
          "line": 61,
          "column": 25
        }
      },
      "38": {
        "start": {
          "line": 62,
          "column": 4
        },
        "end": {
          "line": 62,
          "column": 21
        }
      },
      "39": {
        "start": {
          "line": 64,
          "column": 16
        },
        "end": {
          "line": 79,
          "column": 8
        }
      },
      "40": {
        "start": {
          "line": 65,
          "column": 16
        },
        "end": {
          "line": 69,
          "column": 6
        }
      },
      "41": {
        "start": {
          "line": 70,
          "column": 17
        },
        "end": {
          "line": 70,
          "column": 51
        }
      },
      "42": {
        "start": {
          "line": 70,
          "column": 46
        },
        "end": {
          "line": 70,
          "column": 50
        }
      },
      "43": {
        "start": {
          "line": 71,
          "column": 4
        },
        "end": {
          "line": 73,
          "column": 5
        }
      },
      "44": {
        "start": {
          "line": 72,
          "column": 6
        },
        "end": {
          "line": 72,
          "column": 58
        }
      },
      "45": {
        "start": {
          "line": 74,
          "column": 4
        },
        "end": {
          "line": 74,
          "column": 62
        }
      },
      "46": {
        "start": {
          "line": 75,
          "column": 4
        },
        "end": {
          "line": 75,
          "column": 48
        }
      },
      "47": {
        "start": {
          "line": 76,
          "column": 4
        },
        "end": {
          "line": 76,
          "column": 23
        }
      },
      "48": {
        "start": {
          "line": 77,
          "column": 4
        },
        "end": {
          "line": 77,
          "column": 25
        }
      },
      "49": {
        "start": {
          "line": 78,
          "column": 4
        },
        "end": {
          "line": 78,
          "column": 21
        }
      },
      "50": {
        "start": {
          "line": 80,
          "column": 17
        },
        "end": {
          "line": 85,
          "column": 8
        }
      },
      "51": {
        "start": {
          "line": 81,
          "column": 4
        },
        "end": {
          "line": 81,
          "column": 38
        }
      },
      "52": {
        "start": {
          "line": 82,
          "column": 4
        },
        "end": {
          "line": 82,
          "column": 39
        }
      },
      "53": {
        "start": {
          "line": 83,
          "column": 4
        },
        "end": {
          "line": 83,
          "column": 18
        }
      },
      "54": {
        "start": {
          "line": 84,
          "column": 4
        },
        "end": {
          "line": 84,
          "column": 19
        }
      },
      "55": {
        "start": {
          "line": 86,
          "column": 16
        },
        "end": {
          "line": 94,
          "column": 3
        }
      },
      "56": {
        "start": {
          "line": 95,
          "column": 2
        },
        "end": {
          "line": 99,
          "column": 11
        }
      },
      "57": {
        "start": {
          "line": 101,
          "column": 0
        },
        "end": {
          "line": 101,
          "column": 49
        }
      },
      "58": {
        "start": {
          "line": 102,
          "column": 0
        },
        "end": {
          "line": 102,
          "column": 18
        }
      },
      "59": {
        "start": {
          "line": 103,
          "column": 23
        },
        "end": {
          "line": 110,
          "column": 1
        }
      },
      "60": {
        "start": {
          "line": 104,
          "column": 2
        },
        "end": {
          "line": 104,
          "column": 8
        }
      },
      "61": {
        "start": {
          "line": 105,
          "column": 14
        },
        "end": {
          "line": 105,
          "column": 37
        }
      },
      "62": {
        "start": {
          "line": 106,
          "column": 2
        },
        "end": {
          "line": 108,
          "column": 3
        }
      },
      "63": {
        "start": {
          "line": 107,
          "column": 4
        },
        "end": {
          "line": 107,
          "column": 67
        }
      },
      "64": {
        "start": {
          "line": 109,
          "column": 2
        },
        "end": {
          "line": 109,
          "column": 13
        }
      },
      "65": {
        "start": {
          "line": 111,
          "column": 0
        },
        "end": {
          "line": 111,
          "column": 45
        }
      },
      "66": {
        "start": {
          "line": 113,
          "column": 0
        },
        "end": {
          "line": 113,
          "column": 33
        }
      },
      "67": {
        "start": {
          "line": 114,
          "column": 0
        },
        "end": {
          "line": 117,
          "column": 1
        }
      },
      "68": {
        "start": {
          "line": 115,
          "column": 2
        },
        "end": {
          "line": 115,
          "column": 39
        }
      },
      "69": {
        "start": {
          "line": 116,
          "column": 2
        },
        "end": {
          "line": 116,
          "column": 39
        }
      },
      "70": {
        "start": {
          "line": 118,
          "column": 0
        },
        "end": {
          "line": 127,
          "column": 1
        }
      },
      "71": {
        "start": {
          "line": 119,
          "column": 2
        },
        "end": {
          "line": 126,
          "column": 5
        }
      },
      "72": {
        "start": {
          "line": 120,
          "column": 4
        },
        "end": {
          "line": 120,
          "column": 167
        }
      },
      "73": {
        "start": {
          "line": 121,
          "column": 4
        },
        "end": {
          "line": 125,
          "column": 7
        }
      },
      "74": {
        "start": {
          "line": 122,
          "column": 6
        },
        "end": {
          "line": 122,
          "column": 31
        }
      },
      "75": {
        "start": {
          "line": 122,
          "column": 24
        },
        "end": {
          "line": 122,
          "column": 31
        }
      },
      "76": {
        "start": {
          "line": 123,
          "column": 32
        },
        "end": {
          "line": 123,
          "column": 216
        }
      },
      "77": {
        "start": {
          "line": 124,
          "column": 6
        },
        "end": {
          "line": 124,
          "column": 75
        }
      },
      "78": {
        "start": {
          "line": 124,
          "column": 29
        },
        "end": {
          "line": 124,
          "column": 75
        }
      }
    },
    "fnMap": {
      "0": {
        "name": "AuthProvider",
        "decl": {
          "start": {
            "line": 29,
            "column": 16
          },
          "end": {
            "line": 29,
            "column": 28
          }
        },
        "loc": {
          "start": {
            "line": 29,
            "column": 43
          },
          "end": {
            "line": 100,
            "column": 1
          }
        },
        "line": 29
      },
      "1": {
        "name": "(anonymous_1)",
        "decl": {
          "start": {
            "line": 34,
            "column": 12
          },
          "end": {
            "line": 34,
            "column": 13
          }
        },
        "loc": {
          "start": {
            "line": 34,
            "column": 18
          },
          "end": {
            "line": 47,
            "column": 3
          }
        },
        "line": 34
      },
      "2": {
        "name": "(anonymous_2)",
        "decl": {
          "start": {
            "line": 48,
            "column": 31
          },
          "end": {
            "line": 48,
            "column": 32
          }
        },
        "loc": {
          "start": {
            "line": 48,
            "column": 62
          },
          "end": {
            "line": 63,
            "column": 3
          }
        },
        "line": 48
      },
      "3": {
        "name": "(anonymous_3)",
        "decl": {
          "start": {
            "line": 54,
            "column": 40
          },
          "end": {
            "line": 54,
            "column": 41
          }
        },
        "loc": {
          "start": {
            "line": 54,
            "column": 46
          },
          "end": {
            "line": 54,
            "column": 50
          }
        },
        "line": 54
      },
      "4": {
        "name": "(anonymous_4)",
        "decl": {
          "start": {
            "line": 64,
            "column": 28
          },
          "end": {
            "line": 64,
            "column": 29
          }
        },
        "loc": {
          "start": {
            "line": 64,
            "column": 59
          },
          "end": {
            "line": 79,
            "column": 3
          }
        },
        "line": 64
      },
      "5": {
        "name": "(anonymous_5)",
        "decl": {
          "start": {
            "line": 70,
            "column": 40
          },
          "end": {
            "line": 70,
            "column": 41
          }
        },
        "loc": {
          "start": {
            "line": 70,
            "column": 46
          },
          "end": {
            "line": 70,
            "column": 50
          }
        },
        "line": 70
      },
      "6": {
        "name": "(anonymous_6)",
        "decl": {
          "start": {
            "line": 80,
            "column": 29
          },
          "end": {
            "line": 80,
            "column": 30
          }
        },
        "loc": {
          "start": {
            "line": 80,
            "column": 35
          },
          "end": {
            "line": 85,
            "column": 3
          }
        },
        "line": 80
      },
      "7": {
        "name": "(anonymous_7)",
        "decl": {
          "start": {
            "line": 103,
            "column": 23
          },
          "end": {
            "line": 103,
            "column": 24
          }
        },
        "loc": {
          "start": {
            "line": 103,
            "column": 29
          },
          "end": {
            "line": 110,
            "column": 1
          }
        },
        "line": 103
      },
      "8": {
        "name": "(anonymous_8)",
        "decl": {
          "start": {
            "line": 119,
            "column": 52
          },
          "end": {
            "line": 119,
            "column": 53
          }
        },
        "loc": {
          "start": {
            "line": 119,
            "column": 72
          },
          "end": {
            "line": 126,
            "column": 3
          }
        },
        "line": 119
      },
      "9": {
        "name": "(anonymous_9)",
        "decl": {
          "start": {
            "line": 121,
            "column": 27
          },
          "end": {
            "line": 121,
            "column": 28
          }
        },
        "loc": {
          "start": {
            "line": 121,
            "column": 44
          },
          "end": {
            "line": 125,
            "column": 5
          }
        },
        "line": 121
      }
    },
    "branchMap": {
      "0": {
        "loc": {
          "start": {
            "line": 3,
            "column": 20
          },
          "end": {
            "line": 3,
            "column": 97
          }
        },
        "type": "binary-expr",
        "locations": [
          {
            "start": {
              "line": 3,
              "column": 20
            },
            "end": {
              "line": 3,
              "column": 60
            }
          },
          {
            "start": {
              "line": 3,
              "column": 64
            },
            "end": {
              "line": 3,
              "column": 97
            }
          }
        ],
        "line": 3
      },
      "1": {
        "loc": {
          "start": {
            "line": 6,
            "column": 0
          },
          "end": {
            "line": 16,
            "column": 1
          }
        },
        "type": "if",
        "locations": [
          {
            "start": {
              "line": 6,
              "column": 0
            },
            "end": {
              "line": 16,
              "column": 1
            }
          },
          {
            "start": {},
            "end": {}
          }
        ],
        "line": 6
      },
      "2": {
        "loc": {
          "start": {
            "line": 6,
            "column": 4
          },
          "end": {
            "line": 6,
            "column": 35
          }
        },
        "type": "binary-expr",
        "locations": [
          {
            "start": {
              "line": 6,
              "column": 4
            },
            "end": {
              "line": 6,
              "column": 19
            }
          },
          {
            "start": {
              "line": 6,
              "column": 23
            },
            "end": {
              "line": 6,
              "column": 35
            }
          }
        ],
        "line": 6
      },
      "3": {
        "loc": {
          "start": {
            "line": 7,
            "column": 2
          },
          "end": {
            "line": 11,
            "column": 3
          }
        },
        "type": "if",
        "locations": [
          {
            "start": {
              "line": 7,
              "column": 2
            },
            "end": {
              "line": 11,
              "column": 3
            }
          },
          {
            "start": {},
            "end": {}
          }
        ],
        "line": 7
      },
      "4": {
        "loc": {
          "start": {
            "line": 37,
            "column": 4
          },
          "end": {
            "line": 45,
            "column": 5
          }
        },
        "type": "if",
        "locations": [
          {
            "start": {
              "line": 37,
              "column": 4
            },
            "end": {
              "line": 45,
              "column": 5
            }
          },
          {
            "start": {},
            "end": {}
          }
        ],
        "line": 37
      },
      "5": {
        "loc": {
          "start": {
            "line": 37,
            "column": 8
          },
          "end": {
            "line": 37,
            "column": 33
          }
        },
        "type": "binary-expr",
        "locations": [
          {
            "start": {
              "line": 37,
              "column": 8
            },
            "end": {
              "line": 37,
              "column": 18
            }
          },
          {
            "start": {
              "line": 37,
              "column": 22
            },
            "end": {
              "line": 37,
              "column": 33
            }
          }
        ],
        "line": 37
      },
      "6": {
        "loc": {
          "start": {
            "line": 55,
            "column": 4
          },
          "end": {
            "line": 57,
            "column": 5
          }
        },
        "type": "if",
        "locations": [
          {
            "start": {
              "line": 55,
              "column": 4
            },
            "end": {
              "line": 57,
              "column": 5
            }
          },
          {
            "start": {},
            "end": {}
          }
        ],
        "line": 55
      },
      "7": {
        "loc": {
          "start": {
            "line": 56,
            "column": 22
          },
          "end": {
            "line": 56,
            "column": 59
          }
        },
        "type": "binary-expr",
        "locations": [
          {
            "start": {
              "line": 56,
              "column": 22
            },
            "end": {
              "line": 56,
              "column": 35
            }
          },
          {
            "start": {
              "line": 56,
              "column": 39
            },
            "end": {
              "line": 56,
              "column": 59
            }
          }
        ],
        "line": 56
      },
      "8": {
        "loc": {
          "start": {
            "line": 71,
            "column": 4
          },
          "end": {
            "line": 73,
            "column": 5
          }
        },
        "type": "if",
        "locations": [
          {
            "start": {
              "line": 71,
              "column": 4
            },
            "end": {
              "line": 73,
              "column": 5
            }
          },
          {
            "start": {},
            "end": {}
          }
        ],
        "line": 71
      },
      "9": {
        "loc": {
          "start": {
            "line": 72,
            "column": 22
          },
          "end": {
            "line": 72,
            "column": 56
          }
        },
        "type": "binary-expr",
        "locations": [
          {
            "start": {
              "line": 72,
              "column": 22
            },
            "end": {
              "line": 72,
              "column": 35
            }
          },
          {
            "start": {
              "line": 72,
              "column": 39
            },
            "end": {
              "line": 72,
              "column": 56
            }
          }
        ],
        "line": 72
      },
      "10": {
        "loc": {
          "start": {
            "line": 90,
            "column": 21
          },
          "end": {
            "line": 90,
            "column": 38
          }
        },
        "type": "binary-expr",
        "locations": [
          {
            "start": {
              "line": 90,
              "column": 21
            },
            "end": {
              "line": 90,
              "column": 27
            }
          },
          {
            "start": {
              "line": 90,
              "column": 31
            },
            "end": {
              "line": 90,
              "column": 38
            }
          }
        ],
        "line": 90
      },
      "11": {
        "loc": {
          "start": {
            "line": 106,
            "column": 2
          },
          "end": {
            "line": 108,
            "column": 3
          }
        },
        "type": "if",
        "locations": [
          {
            "start": {
              "line": 106,
              "column": 2
            },
            "end": {
              "line": 108,
              "column": 3
            }
          },
          {
            "start": {},
            "end": {}
          }
        ],
        "line": 106
      },
      "12": {
        "loc": {
          "start": {
            "line": 114,
            "column": 0
          },
          "end": {
            "line": 117,
            "column": 1
          }
        },
        "type": "if",
        "locations": [
          {
            "start": {
              "line": 114,
              "column": 0
            },
            "end": {
              "line": 117,
              "column": 1
            }
          },
          {
            "start": {},
            "end": {}
          }
        ],
        "line": 114
      },
      "13": {
        "loc": {
          "start": {
            "line": 114,
            "column": 4
          },
          "end": {
            "line": 114,
            "column": 35
          }
        },
        "type": "binary-expr",
        "locations": [
          {
            "start": {
              "line": 114,
              "column": 4
            },
            "end": {
              "line": 114,
              "column": 19
            }
          },
          {
            "start": {
              "line": 114,
              "column": 23
            },
            "end": {
              "line": 114,
              "column": 35
            }
          }
        ],
        "line": 114
      },
      "14": {
        "loc": {
          "start": {
            "line": 118,
            "column": 0
          },
          "end": {
            "line": 127,
            "column": 1
          }
        },
        "type": "if",
        "locations": [
          {
            "start": {
              "line": 118,
              "column": 0
            },
            "end": {
              "line": 127,
              "column": 1
            }
          },
          {
            "start": {},
            "end": {}
          }
        ],
        "line": 118
      },
      "15": {
        "loc": {
          "start": {
            "line": 118,
            "column": 4
          },
          "end": {
            "line": 118,
            "column": 35
          }
        },
        "type": "binary-expr",
        "locations": [
          {
            "start": {
              "line": 118,
              "column": 4
            },
            "end": {
              "line": 118,
              "column": 19
            }
          },
          {
            "start": {
              "line": 118,
              "column": 23
            },
            "end": {
              "line": 118,
              "column": 35
            }
          }
        ],
        "line": 118
      },
      "16": {
        "loc": {
          "start": {
            "line": 122,
            "column": 6
          },
          "end": {
            "line": 122,
            "column": 31
          }
        },
        "type": "if",
        "locations": [
          {
            "start": {
              "line": 122,
              "column": 6
            },
            "end": {
              "line": 122,
              "column": 31
            }
          },
          {
            "start": {},
            "end": {}
          }
        ],
        "line": 122
      },
      "17": {
        "loc": {
          "start": {
            "line": 124,
            "column": 6
          },
          "end": {
            "line": 124,
            "column": 75
          }
        },
        "type": "if",
        "locations": [
          {
            "start": {
              "line": 124,
              "column": 6
            },
            "end": {
              "line": 124,
              "column": 75
            }
          },
          {
            "start": {},
            "end": {}
          }
        ],
        "line": 124
      }
    },
    "s": {
      "0": 2,
      "1": 2,
      "2": 2,
      "3": 0,
      "4": 2,
      "5": 2,
      "6": 2,
      "7": 2,
      "8": 2,
      "9": 2,
      "10": 2,
      "11": 2,
      "12": 2,
      "13": 2,
      "14": 0,
      "15": 0,
      "16": 0,
      "17": 0,
      "18": 0,
      "19": 0,
      "20": 0,
      "21": 0,
      "22": 0,
      "23": 0,
      "24": 0,
      "25": 0,
      "26": 0,
      "27": 0,
      "28": 0,
      "29": 0,
      "30": 0,
      "31": 0,
      "32": 0,
      "33": 0,
      "34": 0,
      "35": 0,
      "36": 0,
      "37": 0,
      "38": 0,
      "39": 0,
      "40": 0,
      "41": 0,
      "42": 0,
      "43": 0,
      "44": 0,
      "45": 0,
      "46": 0,
      "47": 0,
      "48": 0,
      "49": 0,
      "50": 0,
      "51": 0,
      "52": 0,
      "53": 0,
      "54": 0,
      "55": 0,
      "56": 0,
      "57": 2,
      "58": 2,
      "59": 2,
      "60": 4,
      "61": 4,
      "62": 4,
      "63": 0,
      "64": 4,
      "65": 2,
      "66": 2,
      "67": 2,
      "68": 2,
      "69": 2,
      "70": 2,
      "71": 2,
      "72": 2,
      "73": 2,
      "74": 0,
      "75": 0,
      "76": 0,
      "77": 0,
      "78": 0
    },
    "f": {
      "0": 0,
      "1": 0,
      "2": 0,
      "3": 0,
      "4": 0,
      "5": 0,
      "6": 0,
      "7": 4,
      "8": 2,
      "9": 0
    },
    "b": {
      "0": [
        2,
        0
      ],
      "1": [
        2,
        0
      ],
      "2": [
        2,
        2
      ],
      "3": [
        0,
        2
      ],
      "4": [
        0,
        0
      ],
      "5": [
        0,
        0
      ],
      "6": [
        0,
        0
      ],
      "7": [
        0,
        0
      ],
      "8": [
        0,
        0
      ],
      "9": [
        0,
        0
      ],
      "10": [
        0,
        0
      ],
      "11": [
        0,
        4
      ],
      "12": [
        2,
        0
      ],
      "13": [
        2,
        2
      ],
      "14": [
        2,
        0
      ],
      "15": [
        2,
        2
      ],
      "16": [
        0,
        0
      ],
      "17": [
        0,
        0
      ]
    },
    "inputSourceMap": {
      "version": 3,
      "mappings": "AA4FS;;;;;;;;;;;;;;;;;AA5FT,OAAOA;AAAAA,EACLC;AAAAA,EACAC;AAAAA,EACAC;AAAAA,EACAC;AAAAA,EACAC;AAAAA,OACK;AAEA,aAAMC,cAAcL,cAAc,IAAI;AAE7C,MAAMM,WAAW;AACjB,MAAMC,YAAY;AAClB,MAAMC,UAAU;AAET,gBAASC,aAAa,EAAEC,SAAS,GAAG;AAAAC,KAAA;AACzC,QAAM,CAACC,MAAMC,OAAO,IAAIX,SAAS,IAAI;AACrC,QAAM,CAACY,OAAOC,QAAQ,IAAIb,SAAS,IAAI;AACvC,QAAM,CAACc,aAAaC,cAAc,IAAIf,SAAS,IAAI;AAEnDC,YAAU,MAAM;AACd,UAAMe,aAAaC,aAAaC,QAAQd,QAAQ;AAChD,UAAMe,cAAcF,aAAaC,QAAQb,SAAS;AAElD,QAAIW,cAAcG,aAAa;AAC7B,UAAI;AACFR,gBAAQS,KAAKC,MAAML,UAAU,CAAC;AAC9BH,iBAASM,WAAW;AAAA,MACtB,QAAQ;AACNF,qBAAaK,WAAWlB,QAAQ;AAChCa,qBAAaK,WAAWjB,SAAS;AAAA,MACnC;AAAA,IACF;AACAU,mBAAe,KAAK;AAAA,EACtB,GAAG,EAAE;AAEL,QAAMQ,WAAWrB,YAAY,OAAO,EAAEsB,OAAOC,SAAS,MAAM;AAC1D,UAAMC,MAAM,MAAMC,MAAM,GAAGrB,OAAO,kBAAkB;AAAA,MAClDsB,QAAQ;AAAA,MACRC,SAAS,EAAE,gBAAgB,mBAAmB;AAAA,MAC9CC,MAAMV,KAAKW,UAAU,EAAEP,OAAOC,SAAS,CAAC;AAAA,IAC1C,CAAC;AAED,UAAMO,OAAO,MAAMN,IAAIO,KAAK,EAAEC,MAAM,MAAM,IAAI;AAC9C,QAAI,CAACR,IAAIS,IAAI;AACX,YAAM,IAAIC,MAAMJ,MAAMK,WAAW,oBAAoB;AAAA,IACvD;AAEApB,iBAAaqB,QAAQlC,UAAUgB,KAAKW,UAAUC,KAAKtB,IAAI,CAAC;AACxDO,iBAAaqB,QAAQjC,WAAW2B,KAAKpB,KAAK;AAE1CD,YAAQqB,KAAKtB,IAAI;AACjBG,aAASmB,KAAKpB,KAAK;AACnB,WAAOoB,KAAKtB;AAAAA,EACd,GAAG,EAAE;AAEL,QAAM6B,QAAQrC,YAAY,OAAO,EAAEsB,OAAOC,SAAS,MAAM;AACvD,UAAMC,MAAM,MAAMC,MAAM,GAAGrB,OAAO,eAAe;AAAA,MAC/CsB,QAAQ;AAAA,MACRC,SAAS,EAAE,gBAAgB,mBAAmB;AAAA,MAC9CC,MAAMV,KAAKW,UAAU,EAAEP,OAAOC,SAAS,CAAC;AAAA,IAC1C,CAAC;AAED,UAAMO,OAAO,MAAMN,IAAIO,KAAK,EAAEC,MAAM,MAAM,IAAI;AAC9C,QAAI,CAACR,IAAIS,IAAI;AACX,YAAM,IAAIC,MAAMJ,MAAMK,WAAW,iBAAiB;AAAA,IACpD;AAEApB,iBAAaqB,QAAQlC,UAAUgB,KAAKW,UAAUC,KAAKtB,IAAI,CAAC;AACxDO,iBAAaqB,QAAQjC,WAAW2B,KAAKpB,KAAK;AAE1CD,YAAQqB,KAAKtB,IAAI;AACjBG,aAASmB,KAAKpB,KAAK;AACnB,WAAOoB,KAAKtB;AAAAA,EACd,GAAG,EAAE;AAEL,QAAM8B,SAAStC,YAAY,MAAM;AAC/Be,iBAAaK,WAAWlB,QAAQ;AAChCa,iBAAaK,WAAWjB,SAAS;AACjCM,YAAQ,IAAI;AACZE,aAAS,IAAI;AAAA,EACf,GAAG,EAAE;AAEL,QAAM4B,QAAQ;AAAA,IACZ/B;AAAAA,IACAE;AAAAA,IACAE;AAAAA,IACA4B,iBAAiB,CAAC,CAAChC,QAAQ,CAAC,CAACE;AAAAA,IAC7B2B;AAAAA,IACAhB;AAAAA,IACAiB;AAAAA,EACF;AAEA,SAAO,uBAAC,YAAY,UAAZ,EAAqB,OAAehC,YAArC;AAAA;AAAA;AAAA;AAAA,SAA8C;AACvD;AAACC,GA/EeF,cAAY;AAAAoC,KAAZpC;AAiFT,aAAMqC,UAAUA,MAAM;AAAAC,MAAA;AAC3B,QAAMC,MAAM/C,WAAWI,WAAW;AAClC,MAAI,CAAC2C,KAAK;AACR,UAAM,IAAIV,MAAM,6CAA6C;AAAA,EAC/D;AACA,SAAOU;AACT;AAAED,IANWD,SAAO;AAAA,IAAAD;AAAAI,aAAAJ,IAAA",
      "names": [
        "React",
        "createContext",
        "useContext",
        "useState",
        "useEffect",
        "useCallback",
        "AuthContext",
        "USER_KEY",
        "TOKEN_KEY",
        "API_URL",
        "AuthProvider",
        "children",
        "_s",
        "user",
        "setUser",
        "token",
        "setToken",
        "loadingAuth",
        "setLoadingAuth",
        "storedUser",
        "localStorage",
        "getItem",
        "storedToken",
        "JSON",
        "parse",
        "removeItem",
        "register",
        "email",
        "password",
        "res",
        "fetch",
        "method",
        "headers",
        "body",
        "stringify",
        "data",
        "json",
        "catch",
        "ok",
        "Error",
        "message",
        "setItem",
        "login",
        "logout",
        "value",
        "isAuthenticated",
        "_c",
        "useAuth",
        "_s2",
        "ctx",
        "$RefreshReg$"
      ],
      "ignoreList": [],
      "sources": [
        "C:/Users/Antony/Desktop/SkShH - Web-dev/SkillShare-Hub/skillshare-hub/web/src/app/authContext.jsx"
      ],
      "file": "C:/Users/Antony/Desktop/SkShH - Web-dev/SkillShare-Hub/skillshare-hub/web/src/app/authContext.jsx"
    },
    "_coverageSchema": "1a1c01bbd47fc00a2c39e90264f33305004495a9",
    "hash": "a5880eeba88e0b4f8bb36b8b3b46e4f38f08e3c7"
  },
  "C:/Users/Antony/Desktop/SkShH - Web-dev/SkillShare-Hub/skillshare-hub/web/src/components/Button/Button.jsx": {
    "path": "C:/Users/Antony/Desktop/SkShH - Web-dev/SkillShare-Hub/skillshare-hub/web/src/components/Button/Button.jsx",
    "statementMap": {
      "0": {
        "start": {
          "line": 3,
          "column": 20
        },
        "end": {
          "line": 3,
          "column": 97
        }
      },
      "1": {
        "start": {
          "line": 6,
          "column": 0
        },
        "end": {
          "line": 16,
          "column": 1
        }
      },
      "2": {
        "start": {
          "line": 7,
          "column": 2
        },
        "end": {
          "line": 11,
          "column": 3
        }
      },
      "3": {
        "start": {
          "line": 8,
          "column": 4
        },
        "end": {
          "line": 10,
          "column": 6
        }
      },
      "4": {
        "start": {
          "line": 12,
          "column": 2
        },
        "end": {
          "line": 12,
          "column": 39
        }
      },
      "5": {
        "start": {
          "line": 13,
          "column": 2
        },
        "end": {
          "line": 13,
          "column": 39
        }
      },
      "6": {
        "start": {
          "line": 14,
          "column": 2
        },
        "end": {
          "line": 14,
          "column": 163
        }
      },
      "7": {
        "start": {
          "line": 15,
          "column": 2
        },
        "end": {
          "line": 15,
          "column": 75
        }
      },
      "8": {
        "start": {
          "line": 19,
          "column": 2
        },
        "end": {
          "line": 23,
          "column": 11
        }
      },
      "9": {
        "start": {
          "line": 25,
          "column": 0
        },
        "end": {
          "line": 25,
          "column": 12
        }
      },
      "10": {
        "start": {
          "line": 27,
          "column": 0
        },
        "end": {
          "line": 27,
          "column": 27
        }
      },
      "11": {
        "start": {
          "line": 28,
          "column": 0
        },
        "end": {
          "line": 31,
          "column": 1
        }
      },
      "12": {
        "start": {
          "line": 29,
          "column": 2
        },
        "end": {
          "line": 29,
          "column": 39
        }
      },
      "13": {
        "start": {
          "line": 30,
          "column": 2
        },
        "end": {
          "line": 30,
          "column": 39
        }
      },
      "14": {
        "start": {
          "line": 32,
          "column": 0
        },
        "end": {
          "line": 41,
          "column": 1
        }
      },
      "15": {
        "start": {
          "line": 33,
          "column": 2
        },
        "end": {
          "line": 40,
          "column": 5
        }
      },
      "16": {
        "start": {
          "line": 34,
          "column": 4
        },
        "end": {
          "line": 34,
          "column": 176
        }
      },
      "17": {
        "start": {
          "line": 35,
          "column": 4
        },
        "end": {
          "line": 39,
          "column": 7
        }
      },
      "18": {
        "start": {
          "line": 36,
          "column": 6
        },
        "end": {
          "line": 36,
          "column": 31
        }
      },
      "19": {
        "start": {
          "line": 36,
          "column": 24
        },
        "end": {
          "line": 36,
          "column": 31
        }
      },
      "20": {
        "start": {
          "line": 37,
          "column": 32
        },
        "end": {
          "line": 37,
          "column": 225
        }
      },
      "21": {
        "start": {
          "line": 38,
          "column": 6
        },
        "end": {
          "line": 38,
          "column": 75
        }
      },
      "22": {
        "start": {
          "line": 38,
          "column": 29
        },
        "end": {
          "line": 38,
          "column": 75
        }
      }
    },
    "fnMap": {
      "0": {
        "name": "Button",
        "decl": {
          "start": {
            "line": 18,
            "column": 24
          },
          "end": {
            "line": 18,
            "column": 30
          }
        },
        "loc": {
          "start": {
            "line": 18,
            "column": 75
          },
          "end": {
            "line": 24,
            "column": 1
          }
        },
        "line": 18
      },
      "1": {
        "name": "(anonymous_1)",
        "decl": {
          "start": {
            "line": 33,
            "column": 52
          },
          "end": {
            "line": 33,
            "column": 53
          }
        },
        "loc": {
          "start": {
            "line": 33,
            "column": 72
          },
          "end": {
            "line": 40,
            "column": 3
          }
        },
        "line": 33
      },
      "2": {
        "name": "(anonymous_2)",
        "decl": {
          "start": {
            "line": 35,
            "column": 27
          },
          "end": {
            "line": 35,
            "column": 28
          }
        },
        "loc": {
          "start": {
            "line": 35,
            "column": 44
          },
          "end": {
            "line": 39,
            "column": 5
          }
        },
        "line": 35
      }
    },
    "branchMap": {
      "0": {
        "loc": {
          "start": {
            "line": 3,
            "column": 20
          },
          "end": {
            "line": 3,
            "column": 97
          }
        },
        "type": "binary-expr",
        "locations": [
          {
            "start": {
              "line": 3,
              "column": 20
            },
            "end": {
              "line": 3,
              "column": 60
            }
          },
          {
            "start": {
              "line": 3,
              "column": 64
            },
            "end": {
              "line": 3,
              "column": 97
            }
          }
        ],
        "line": 3
      },
      "1": {
        "loc": {
          "start": {
            "line": 6,
            "column": 0
          },
          "end": {
            "line": 16,
            "column": 1
          }
        },
        "type": "if",
        "locations": [
          {
            "start": {
              "line": 6,
              "column": 0
            },
            "end": {
              "line": 16,
              "column": 1
            }
          },
          {
            "start": {},
            "end": {}
          }
        ],
        "line": 6
      },
      "2": {
        "loc": {
          "start": {
            "line": 6,
            "column": 4
          },
          "end": {
            "line": 6,
            "column": 35
          }
        },
        "type": "binary-expr",
        "locations": [
          {
            "start": {
              "line": 6,
              "column": 4
            },
            "end": {
              "line": 6,
              "column": 19
            }
          },
          {
            "start": {
              "line": 6,
              "column": 23
            },
            "end": {
              "line": 6,
              "column": 35
            }
          }
        ],
        "line": 6
      },
      "3": {
        "loc": {
          "start": {
            "line": 7,
            "column": 2
          },
          "end": {
            "line": 11,
            "column": 3
          }
        },
        "type": "if",
        "locations": [
          {
            "start": {
              "line": 7,
              "column": 2
            },
            "end": {
              "line": 11,
              "column": 3
            }
          },
          {
[...]
          "start": {
            "line": 32,
            "column": 4
          },
          "end": {
            "line": 36,
            "column": 5
          }
        },
        "type": "if",
        "locations": [
          {
            "start": {
              "line": 32,
              "column": 4
            },
            "end": {
              "line": 36,
              "column": 5
            }
          },
          {
            "start": {},
            "end": {}
          }
        ],
        "line": 32
      },
      "5": {
        "loc": {
          "start": {
            "line": 32,
            "column": 8
          },
          "end": {
            "line": 32,
            "column": 32
          }
        },
        "type": "binary-expr",
        "locations": [
          {
            "start": {
              "line": 32,
              "column": 8
            },
            "end": {
              "line": 32,
              "column": 23
            }
          },
          {
            "start": {
              "line": 32,
              "column": 27
            },
            "end": {
              "line": 32,
              "column": 32
            }
          }
        ],
        "line": 32
      },
      "6": {
        "loc": {
          "start": {
            "line": 41,
            "column": 2
          },
          "end": {
            "line": 62,
            "column": 3
          }
        },
        "type": "if",
        "locations": [
          {
            "start": {
              "line": 41,
              "column": 2
            },
            "end": {
              "line": 62,
              "column": 3
            }
          },
          {
            "start": {},
            "end": {}
          }
        ],
        "line": 41
      },
      "7": {
        "loc": {
          "start": {
            "line": 65,
            "column": 4
          },
          "end": {
            "line": 68,
            "column": 5
          }
        },
        "type": "if",
        "locations": [
          {
            "start": {
              "line": 65,
              "column": 4
            },
            "end": {
              "line": 68,
              "column": 5
            }
          },
          {
            "start": {},
            "end": {}
          }
        ],
        "line": 65
      },
      "8": {
        "loc": {
          "start": {
            "line": 70,
            "column": 22
          },
          "end": {
            "line": 70,
            "column": 46
          }
        },
        "type": "binary-expr",
        "locations": [
          {
            "start": {
              "line": 70,
              "column": 22
            },
            "end": {
              "line": 70,
              "column": 31
            }
          },
          {
            "start": {
              "line": 70,
              "column": 35
            },
            "end": {
              "line": 70,
              "column": 46
            }
          }
        ],
        "line": 70
      },
      "9": {
        "loc": {
          "start": {
            "line": 71,
            "column": 15
          },
          "end": {
            "line": 71,
            "column": 79
          }
        },
        "type": "binary-expr",
        "locations": [
          {
            "start": {
              "line": 71,
              "column": 15
            },
            "end": {
              "line": 71,
              "column": 32
            }
          },
          {
            "start": {
              "line": 71,
              "column": 36
            },
            "end": {
              "line": 71,
              "column": 69
            }
          },
          {
            "start": {
              "line": 71,
              "column": 73
            },
            "end": {
              "line": 71,
              "column": 79
            }
          }
        ],
        "line": 71
      },
      "10": {
        "loc": {
          "start": {
            "line": 73,
            "column": 15
          },
          "end": {
            "line": 73,
            "column": 48
          }
        },
        "type": "binary-expr",
        "locations": [
          {
            "start": {
              "line": 73,
              "column": 15
            },
            "end": {
              "line": 73,
              "column": 36
            }
          },
          {
            "start": {
              "line": 73,
              "column": 40
            },
            "end": {
              "line": 73,
              "column": 48
            }
          }
        ],
        "line": 73
      },
      "11": {
        "loc": {
          "start": {
            "line": 74,
            "column": 22
          },
          "end": {
            "line": 74,
            "column": 47
          }
        },
        "type": "binary-expr",
        "locations": [
          {
            "start": {
              "line": 74,
              "column": 22
            },
            "end": {
              "line": 74,
              "column": 41
            }
          },
          {
            "start": {
              "line": 74,
              "column": 45
            },
            "end": {
              "line": 74,
              "column": 47
            }
          }
        ],
        "line": 74
      },
      "12": {
        "loc": {
          "start": {
            "line": 75,
            "column": 22
          },
          "end": {
            "line": 75,
            "column": 49
          }
        },
        "type": "binary-expr",
        "locations": [
          {
            "start": {
              "line": 75,
              "column": 22
            },
            "end": {
              "line": 75,
              "column": 43
            }
          },
          {
            "start": {
              "line": 75,
              "column": 47
            },
            "end": {
              "line": 75,
              "column": 49
            }
          }
        ],
        "line": 75
      },
      "13": {
        "loc": {
          "start": {
            "line": 141,
            "column": 72
          },
          "end": {
            "line": 151,
            "column": 14
          }
        },
        "type": "cond-expr",
        "locations": [
          {
            "start": {
              "line": 141,
              "column": 97
            },
            "end": {
              "line": 147,
              "column": 7
            }
          },
          {
            "start": {
              "line": 147,
              "column": 26
            },
            "end": {
              "line": 151,
              "column": 14
            }
          }
        ],
        "line": 141
      },
      "14": {
        "loc": {
          "start": {
            "line": 183,
            "column": 72
          },
          "end": {
            "line": 193,
            "column": 14
          }
        },
        "type": "cond-expr",
        "locations": [
          {
            "start": {
              "line": 183,
              "column": 97
            },
            "end": {
              "line": 189,
              "column": 7
            }
          },
          {
            "start": {
              "line": 189,
              "column": 26
            },
            "end": {
              "line": 193,
              "column": 14
            }
          }
        ],
        "line": 183
      },
      "15": {
        "loc": {
          "start": {
            "line": 212,
            "column": 4
          },
          "end": {
            "line": 228,
            "column": 5
          }
        },
        "type": "binary-expr",
        "locations": [
          {
            "start": {
              "line": 212,
              "column": 4
            },
            "end": {
              "line": 212,
              "column": 15
            }
          },
          {
            "start": {
              "line": 212,
              "column": 35
            },
            "end": {
              "line": 228,
              "column": 5
            }
          }
        ],
        "line": 212
      },
      "16": {
        "loc": {
          "start": {
            "line": 216,
            "column": 23
          },
          "end": {
            "line": 216,
            "column": 74
          }
        },
        "type": "cond-expr",
        "locations": [
          {
            "start": {
              "line": 216,
              "column": 49
            },
            "end": {
              "line": 216,
              "column": 60
            }
          },
          {
            "start": {
              "line": 216,
              "column": 63
            },
            "end": {
              "line": 216,
              "column": 74
            }
          }
        ],
        "line": 216
      },
      "17": {
        "loc": {
          "start": {
            "line": 241,
            "column": 0
          },
          "end": {
            "line": 244,
            "column": 1
          }
        },
        "type": "if",
        "locations": [
          {
            "start": {
              "line": 241,
              "column": 0
            },
            "end": {
              "line": 244,
              "column": 1
            }
          },
          {
            "start": {},
            "end": {}
          }
        ],
        "line": 241
      },
      "18": {
        "loc": {
          "start": {
            "line": 241,
            "column": 4
          },
          "end": {
            "line": 241,
            "column": 35
          }
        },
        "type": "binary-expr",
        "locations": [
          {
            "start": {
              "line": 241,
              "column": 4
            },
            "end": {
              "line": 241,
              "column": 19
            }
          },
          {
            "start": {
              "line": 241,
              "column": 23
            },
            "end": {
              "line": 241,
              "column": 35
            }
          }
        ],
        "line": 241
      },
      "19": {
        "loc": {
          "start": {
            "line": 245,
            "column": 0
          },
          "end": {
            "line": 254,
            "column": 1
          }
        },
        "type": "if",
        "locations": [
          {
            "start": {
              "line": 245,
              "column": 0
            },
            "end": {
              "line": 254,
              "column": 1
            }
          },
          {
            "start": {},
            "end": {}
          }
        ],
        "line": 245
      },
      "20": {
        "loc": {
          "start": {
            "line": 245,
            "column": 4
          },
          "end": {
            "line": 245,
            "column": 35
          }
        },
        "type": "binary-expr",
        "locations": [
          {
            "start": {
              "line": 245,
              "column": 4
            },
            "end": {
              "line": 245,
              "column": 19
            }
          },
          {
            "start": {
              "line": 245,
              "column": 23
            },
            "end": {
              "line": 245,
              "column": 35
            }
          }
        ],
        "line": 245
      },
      "21": {
        "loc": {
          "start": {
            "line": 249,
            "column": 6
          },
          "end": {
            "line": 249,
            "column": 31
          }
        },
        "type": "if",
        "locations": [
          {
            "start": {
              "line": 249,
              "column": 6
            },
            "end": {
              "line": 249,
              "column": 31
            }
          },
          {
            "start": {},
            "end": {}
          }
        ],
        "line": 249
      },
      "22": {
        "loc": {
          "start": {
            "line": 251,
            "column": 6
          },
          "end": {
            "line": 251,
            "column": 75
          }
        },
        "type": "if",
        "locations": [
          {
            "start": {
              "line": 251,
              "column": 6
            },
            "end": {
              "line": 251,
              "column": 75
            }
          },
          {
            "start": {},
            "end": {}
          }
        ],
        "line": 251
      }
    },
    "s": {
      "0": 2,
      "1": 2,
      "2": 2,
      "3": 0,
      "4": 2,
      "5": 2,
      "6": 2,
      "7": 2,
      "8": 2,
      "9": 4,
      "10": 4,
      "11": 4,
      "12": 4,
      "13": 4,
      "14": 4,
      "15": 2,
      "16": 2,
      "17": 2,
      "18": 2,
      "19": 4,
      "20": 2,
      "21": 4,
      "22": 0,
      "23": 4,
      "24": 0,
      "25": 0,
      "26": 0,
      "27": 0,
      "28": 4,
      "29": 4,
      "30": 4,
      "31": 4,
      "32": 4,
      "33": 4,
      "34": 4,
      "35": 0,
      "36": 8,
      "37": 0,
      "38": 0,
      "39": 0,
      "40": 2,
      "41": 2,
      "42": 2,
      "43": 2,
      "44": 2,
      "45": 2,
      "46": 2,
      "47": 2,
      "48": 2,
      "49": 2,
      "50": 2,
      "51": 0,
      "52": 0,
      "53": 0,
      "54": 0,
      "55": 0
    },
    "f": {
      "0": 4,
      "1": 2,
      "2": 2,
      "3": 2,
      "4": 2,
      "5": 0,
      "6": 0,
      "7": 8,
      "8": 0,
      "9": 0,
      "10": 0,
      "11": 2,
      "12": 2,
      "13": 0
    },
    "b": {
      "0": [
        2,
        0
      ],
      "1": [
        2,
        0
      ],
      "2": [
        2,
        2
      ],
      "3": [
        0,
        2
      ],
      "4": [
        2,
        0
      ],
      "5": [
        2,
        2
      ],
      "6": [
        0,
        4
      ],
      "7": [
        0,
        0
      ],
      "8": [
        4,
        2
      ],
      "9": [
        4,
        0,
        0
      ],
      "10": [
        4,
        0
      ],
      "11": [
        4,
        0
      ],
      "12": [
        4,
        0
      ],
      "13": [
        4,
        0
      ],
      "14": [
        0,
        4
      ],
      "15": [
        4,
        0
      ],
      "16": [
        0,
        0
      ],
      "17": [
        2,
        0
      ],
      "18": [
        2,
        2
      ],
      "19": [
        2,
        0
      ],
      "20": [
        2,
        2
      ],
      "21": [
        0,
        0
      ],
      "22": [
        0,
        0
      ]
    },
    "inputSourceMap": {
      "version": 3,
      "mappings": "AAgCM,mBACE,cADF;;;;;;;;;;;;;;;;;AAhCN,SAASA,UAAUC,iBAAiB;AACpC,SAASC,mBAAmB;AAC5B,OAAOC,YAAY;AACnB,OAAOC,cAAc;AACrB,OAAOC,YAAY;AACnB,SAASC,eAAe;AACxB,OAAOC,qBAAqB;AAE5B,wBAAwBC,UAAU;AAAAC,KAAA;AAChC,QAAM,EAAEC,MAAMC,aAAaC,iBAAiBC,QAAQC,MAAM,IAAIR,QAAQ;AACtE,QAAMS,WAAWb,YAAY;AAE7B,QAAM,CAACc,WAAWC,YAAY,IAAIjB,SAAS,IAAI;AAC/C,QAAM,CAACkB,aAAaC,cAAc,IAAInB,SAAS,IAAI;AAEnD,QAAMoB,eAAeA,MAAM;AACzB,QAAIR,mBAAmBE,OAAO;AAC5BO,YAAM,gBAAgB;AAAA,QACpBC,SAAS,EAAEC,eAAe,UAAUT,KAAK,GAAG;AAAA,MAC9C,CAAC,EACEU,KAAK,CAACC,QAAQA,IAAIC,KAAK,CAAC,EACxBF,KAAK,CAACG,SAASV,aAAaU,KAAKjB,IAAI,CAAC,EACtCkB,MAAMC,QAAQC,KAAK;AAAA,IACxB;AAAA,EACF;AAEA7B,YAAU,MAAM;AACdmB,iBAAa;AAAA,EACf,GAAG,CAACR,iBAAiBE,KAAK,CAAC;AAE3B,MAAI,CAACF,iBAAiB;AACpB,WACE,mCACE;AAAA,6BAAC,UAAO,OAAM,WAAU,MAAI,QAA5B;AAAA;AAAA;AAAA;AAAA,aAA4B;AAAA,MAC5B,uBAAC,UAAK,WAAWP,OAAO0B,MACtB,iCAAC,OAAE,mDAAH;AAAA;AAAA;AAAA;AAAA,aAAsC,KADxC;AAAA;AAAA;AAAA;AAAA,aAEA;AAAA,SAJF;AAAA;AAAA;AAAA;AAAA,WAKA;AAAA,EAEJ;AAEA,QAAMC,eAAeA,MAAM;AACzB,UAAMC,UAAUC,OAAOD,QAAQ,mCAAmC;AAClE,QAAIA,SAAS;AACXpB,aAAO;AACPE,eAAS,aAAa;AAAA,IACxB;AAAA,EACF;AAEA,QAAMoB,cAAcnB,aAAaL;AAEjC,QAAMyB,OAAOD,aAAaC,QAAQD,aAAaE,OAAOC,MAAM,GAAG,EAAE,CAAC,KAAK;AACvE,QAAMC,UAAUH,KAAK,CAAC,GAAGI,YAAY;AACrC,QAAMC,OAAON,aAAaO,YAAY;AAEtC,QAAMC,cAAcR,aAAaS,UAAU;AAC3C,QAAMC,cAAcV,aAAaW,YAAY;AAE7C,SACE,mCACE;AAAA,2BAAC,UAAO,OAAM,WAAU,MAAI,QAA5B;AAAA;AAAA;AAAA;AAAA,WAA4B;AAAA,IAC5B,uBAAC,UAAK,WAAWzC,OAAO0B,MACtB;AAAA,6BAAC,SAAI,WAAW1B,OAAO0C,QACrB;AAAA,+BAAC,SAAI,WAAW1C,OAAO2C,QAAST,qBAAhC;AAAA;AAAA;AAAA;AAAA,eAAwC;AAAA,QACxC,uBAAC,QAAG,WAAWlC,OAAO+B,MAAOA,kBAA7B;AAAA;AAAA;AAAA;AAAA,eAAkC;AAAA,QAClC,uBAAC,SAAI,WAAW/B,OAAOoC,MAAOA,kBAA9B;AAAA;AAAA;AAAA;AAAA,eAAmC;AAAA,QACnC,uBAAC,SAAI,WAAWpC,OAAO4C,OAAQd,uBAAaE,SAA5C;AAAA;AAAA;AAAA;AAAA,eAAkD;AAAA,WAJpD;AAAA;AAAA;AAAA;AAAA,aAKA;AAAA,MAEA,uBAAC,OAAE,WAAWhC,OAAO6C,KAAK,yEAA1B;AAAA;AAAA;AAAA;AAAA,aAEA;AAAA,MAEA,uBAAC,SAAI,WAAW7C,OAAO8C,eACrB;AAAA,+BAAC,QAAG,WAAW9C,OAAO+C,IAAI,kCAA1B;AAAA;AAAA;AAAA;AAAA,eAA4C;AAAA,QAC5C;AAAA,UAAC;AAAA;AAAA,YACC,SAAS,MAAMjC,eAAe,OAAO;AAAA,YACrC,WAAWd,OAAOgD;AAAAA,YAAQ;AAAA;AAAA,UAF5B;AAAA;AAAA;AAAA;AAAA;AAAA;AAAA;AAAA;AAAA,QAKA;AAAA,WAPF;AAAA;AAAA;AAAA;AAAA,aAQA;AAAA,MACA,uBAAC,SAAI,WAAWhD,OAAOiD,MACpBX,sBAAYY,SAAS,IACpBZ,YAAYa;AAAAA,QAAI,CAACC,OAAOC,UACtB,uBAAC,YAAsBD,gBAAMrB,QAAdsB,OAAf;AAAA;AAAA;AAAA;AAAA,eAAkC;AAAA,MACnC,IAED,uBAAC,OAAE,WAAWrD,OAAO4C,OAAO,OAAO,EAAEU,UAAU,SAAS,GAAG,oCAA3D;AAAA;AAAA;AAAA;AAAA,aAEA,KARJ;AAAA;AAAA;AAAA;AAAA,aAUA;AAAA,MAEA,uBAAC,SAAI,WAAWtD,OAAO8C,eACrB;AAAA,+BAAC,QAAG,WAAW9C,OAAO+C,IAAI,sCAA1B;AAAA;AAAA;AAAA;AAAA,eAAgD;AAAA,QAChD;AAAA,UAAC;AAAA;AAAA,YACC,SAAS,MAAMjC,eAAe,OAAO;AAAA,YACrC,WAAWd,OAAOgD;AAAAA,YAAQ;AAAA;AAAA,UAF5B;AAAA;AAAA;AAAA;AAAA;AAAA;AAAA;AAAA;AAAA,QAKA;AAAA,WAPF;AAAA;AAAA;AAAA;AAAA,aAQA;AAAA,MACA,uBAAC,SAAI,WAAWhD,OAAOiD,MACpBT,sBAAYU,SAAS,IACpBV,YAAYW;AAAAA,QAAI,CAACC,OAAOC,UACtB,uBAAC,YAAqB,SAAQ,aAC3BD,gBAAMrB,QADMsB,OAAf;AAAA;AAAA;AAAA;AAAA,eAEA;AAAA,MACD,IAED,uBAAC,OAAE,WAAWrD,OAAO4C,OAAO,OAAO,EAAEU,UAAU,SAAS,GAAG,sCAA3D;AAAA;AAAA;AAAA;AAAA,aAEA,KAVJ;AAAA;AAAA;AAAA;AAAA,aAYA;AAAA,MAEA,uBAAC,SAAI,WAAWtD,OAAOuD,eACrB,iCAAC,YAAO,WAAWvD,OAAOwD,cAAc,SAAS7B,cAAc,uBAA/D;AAAA;AAAA;AAAA;AAAA,aAEA,KAHF;AAAA;AAAA;AAAA;AAAA,aAIA;AAAA,SA5DF;AAAA;AAAA;AAAA;AAAA,WA6DA;AAAA,IAECd,eACC;AAAA,MAAC;AAAA;AAAA,QACC,MAAMA;AAAAA,QACN,eAAeA,gBAAgB,UAAUyB,cAAcE;AAAAA,QACvD,SAAS,MAAM1B,eAAe,IAAI;AAAA,QAClC,QAAQC;AAAAA;AAAAA,MAJV;AAAA;AAAA;AAAA;AAAA;AAAA;AAAA;AAAA;AAAA,IAIuB;AAAA,OAtE3B;AAAA;AAAA;AAAA;AAAA,SAyEA;AAEJ;AAACX,GA9HuBD,SAAO;AAAA,UACiCF,SAC7CJ,WAAW;AAAA;AAAA4D,KAFNtD;AAAO,IAAAsD;AAAAC,aAAAD,IAAA",
      "names": [
        "useState",
        "useEffect",
        "useNavigate",
        "Header",
        "SkillTag",
        "styles",
        "useAuth",
        "EditSkillsModal",
        "Profile",
        "_s",
        "user",
        "contextUser",
        "isAuthenticated",
        "logout",
        "token",
        "navigate",
        "freshUser",
        "setFreshUser",
        "editingType",
        "setEditingType",
        "fetchProfile",
        "fetch",
        "headers",
        "Authorization",
        "then",
        "res",
        "json",
        "data",
        "catch",
        "console",
        "error",
        "main",
        "handleLogout",
        "confirm",
        "window",
        "currentUser",
        "name",
        "email",
        "split",
        "initial",
        "toUpperCase",
        "role",
        "headline",
        "teachSkills",
        "skills",
        "learnSkills",
        "learning",
        "center",
        "avatar",
        "muted",
        "bio",
        "sectionHeader",
        "h3",
        "editBtn",
        "tags",
        "length",
        "map",
        "skill",
        "index",
        "fontSize",
        "logoutWrapper",
        "logoutButton",
        "_c",
        "$RefreshReg$"
      ],
      "ignoreList": [],
      "sources": [
        "C:/Users/Antony/Desktop/SkShH - Web-dev/SkillShare-Hub/skillshare-hub/web/src/pages/Profile.jsx"
      ],
      "file": "C:/Users/Antony/Desktop/SkShH - Web-dev/SkillShare-Hub/skillshare-hub/web/src/pages/Profile.jsx"
    },
    "_coverageSchema": "1a1c01bbd47fc00a2c39e90264f33305004495a9",
    "hash": "a2c3c9fb13fd33a632ac0356c3e55f83afff32e1"
  }
}