{
  "C:/Users/Antony/Desktop/SkShH - Web-dev/SkillShare-Hub/skillshare-hub/web/src/components/Button/Button.jsx": {
    "path": "C:/Users/Antony/Desktop/SkShH - Web-dev/SkillShare-Hub/skillshare-hub/web/src/components/Button/Button.jsx",
    "statementMap": {
      "0": {
        "start": {
          "line": 4,
          "column": 2
        },
        "end": {
          "line": 8,
          "column": 11
        }
      }
    },
    "fnMap": {
      "0": {
        "name": "Button",
        "decl": {
          "start": {
            "line": 3,
            "column": 24
          },
          "end": {
            "line": 3,
            "column": 30
          }
        },
        "loc": {
          "start": {
            "line": 3,
            "column": 75
          },
          "end": {
            "line": 9,
            "column": 1
          }
        },
        "line": 3
      }
    },
    "branchMap": {
      "0": {
        "loc": {
          "start": {
            "line": 3,
            "column": 43
          },
          "end": {
            "line": 3,
            "column": 62
          }
        },
        "type": "default-arg",
        "locations": [
          {
            "start": {
              "line": 3,
              "column": 53
            },
            "end": {
              "line": 3,
              "column": 62
            }
          }
        ],
        "line": 3
      }
    },
    "s": {
      "0": 91
    },
    "f": {
      "0": 91
    },
    "b": {
      "0": [89]
    },
    "inputSourceMap": {
      "version": 3,
      "sources": [
        "C:/Users/Antony/Desktop/SkShH - Web-dev/SkillShare-Hub/skillshare-hub/web/src/components/Button/Button.jsx"
      ],
      "mappings": "AAII;AAJJ,OAAO,YAAY;AAEnB,wBAAwB,OAAO,EAAE,UAAU,UAAU,WAAW,GAAG,KAAK,GAAG;AACzE,SACE,uBAAC,YAAO,WAAW,CAAC,OAAO,KAAK,OAAO,OAAO,CAAC,EAAE,KAAK,GAAG,GAAI,GAAG,MAC7D,YADH;AAAA;AAAA;AAAA;AAAA,SAEA;AAEJ;",
      "names": []
    },
    "_coverageSchema": "1a1c01bbd47fc00a2c39e90264f33305004495a9",
    "hash": "a5d6345a3f3a00ab175f66db44028aaf97e2a71a"
  },
  "C:/Users/Antony/Desktop/SkShH - Web-dev/SkillShare-Hub/skillshare-hub/web/src/components/Header.jsx": {
    "path": "C:/Users/Antony/Desktop/SkShH - Web-dev/SkillShare-Hub/skillshare-hub/web/src/components/Header.jsx",
    "statementMap": {
      "0": {
        "start": {
          "line": 5,
          "column": 19
        },
        "end": {
          "line": 5,
          "column": 32
        }
      },
      "1": {
        "start": {
          "line": 6,
          "column": 26
        },
        "end": {
          "line": 8,
          "column": 3
        }
      },
      "2": {
        "start": {
          "line": 7,
          "column": 4
        },
        "end": {
          "line": 7,
          "column": 17
        }
      },
      "3": {
        "start": {
          "line": 9,
          "column": 26
        },
        "end": {
          "line": 11,
          "column": 3
        }
      },
      "4": {
        "start": {
          "line": 10,
          "column": 4
        },
        "end": {
          "line": 10,
          "column": 32
        }
      },
      "5": {
        "start": {
          "line": 12,
          "column": 2
        },
        "end": {
          "line": 75,
          "column": 11
        }
      },
      "6": {
        "start": {
          "line": 77,
          "column": 17
        },
        "end": {
          "line": 98,
          "column": 8
        }
      },
      "7": {
        "start": {
          "line": 77,
          "column": 39
        },
        "end": {
          "line": 98,
          "column": 8
        }
      },
      "8": {
        "start": {
          "line": 99,
          "column": 17
        },
        "end": {
          "line": 119,
          "column": 8
        }
      },
      "9": {
        "start": {
          "line": 99,
          "column": 39
        },
        "end": {
          "line": 119,
          "column": 8
        }
      }
    },
    "fnMap": {
      "0": {
        "name": "Header",
        "decl": {
          "start": {
            "line": 4,
            "column": 24
          },
          "end": {
            "line": 4,
            "column": 30
          }
        },
        "loc": {
          "start": {
            "line": 4,
            "column": 70
          },
          "end": {
            "line": 76,
            "column": 1
          }
        },
        "line": 4
      },
      "1": {
        "name": "(anonymous_1)",
        "decl": {
          "start": {
            "line": 6,
            "column": 26
          },
          "end": {
            "line": 6,
            "column": 27
          }
        },
        "loc": {
          "start": {
            "line": 6,
            "column": 32
          },
          "end": {
            "line": 8,
            "column": 3
          }
        },
        "line": 6
      },
      "2": {
        "name": "(anonymous_2)",
        "decl": {
          "start": {
            "line": 9,
            "column": 26
          },
          "end": {
            "line": 9,
            "column": 27
          }
        },
        "loc": {
          "start": {
            "line": 9,
            "column": 32
          },
          "end": {
            "line": 11,
            "column": 3
          }
        },
        "line": 9
      },
      "3": {
        "name": "(anonymous_3)",
        "decl": {
          "start": {
            "line": 77,
            "column": 17
          },
          "end": {
            "line": 77,
            "column": 18
          }
        },
        "loc": {
          "start": {
            "line": 77,
            "column": 39
          },
          "end": {
            "line": 98,
            "column": 8
          }
        },
        "line": 77
      },
      "4": {
        "name": "(anonymous_4)",
        "decl": {
          "start": {
            "line": 99,
            "column": 17
          },
          "end": {
            "line": 99,
            "column": 18
          }
        },
        "loc": {
          "start": {
            "line": 99,
            "column": 39
          },
          "end": {
            "line": 119,
            "column": 8
          }
        },
        "line": 99
      }
    },
    "branchMap": {
      "0": {
        "loc": {
          "start": {
            "line": 4,
            "column": 40
          },
          "end": {
            "line": 4,
            "column": 52
          }
        },
        "type": "default-arg",
        "locations": [
          {
            "start": {
              "line": 4,
              "column": 47
            },
            "end": {
              "line": 4,
              "column": 52
            }
          }
        ],
        "line": 4
      },
      "1": {
        "loc": {
          "start": {
            "line": 4,
            "column": 54
          },
          "end": {
            "line": 4,
            "column": 66
          }
        },
        "type": "default-arg",
        "locations": [
          {
            "start": {
              "line": 4,
              "column": 61
            },
            "end": {
              "line": 4,
              "column": 66
            }
          }
        ],
        "line": 4
      },
      "2": {
        "loc": {
          "start": {
            "line": 14,
            "column": 6
          },
          "end": {
            "line": 34,
            "column": 7
          }
        },
        "type": "binary-expr",
        "locations": [
          {
            "start": {
              "line": 14,
              "column": 6
            },
            "end": {
              "line": 14,
              "column": 10
            }
          },
          {
            "start": {
              "line": 14,
              "column": 30
            },
            "end": {
              "line": 34,
              "column": 7
            }
          }
        ],
        "line": 14
      },
      "3": {
        "loc": {
          "start": {
            "line": 35,
            "column": 6
          },
          "end": {
            "line": 55,
            "column": 7
          }
        },
        "type": "binary-expr",
        "locations": [
          {
            "start": {
              "line": 35,
              "column": 6
            },
            "end": {
              "line": 35,
              "column": 10
            }
          },
          {
            "start": {
              "line": 35,
              "column": 30
            },
            "end": {
              "line": 55,
              "column": 7
            }
          }
        ],
        "line": 35
      }
    },
    "s": {
      "0": 99,
      "1": 99,
      "2": 0,
      "3": 99,
      "4": 0,
      "5": 99,
      "6": 18,
      "7": 9,
      "8": 18,
      "9": 2
    },
    "f": {
      "0": 99,
      "1": 0,
      "2": 0,
      "3": 9,
      "4": 2
    },
    "b": {
      "0": [90],
      "1": [97],
      "2": [99, 9],
      "3": [99, 2]
    },
    "inputSourceMap": {
      "version": 3,
      "sources": [
        "C:/Users/Antony/Desktop/SkShH - Web-dev/SkillShare-Hub/skillshare-hub/web/src/components/Header.jsx"
      ],
      "mappings": "AAuBY;AAvBZ,OAAO,YAAY;AACnB,SAAS,mBAAmB;AAE5B,wBAAwB,OAAO,EAAE,OAAO,OAAO,OAAO,OAAO,MAAM,GAAG;AACpE,QAAM,WAAW,YAAY;AAE7B,QAAM,kBAAkB,MAAM;AAC5B,aAAS,EAAE;AAAA,EACb;AAEA,QAAM,kBAAkB,MAAM;AAC5B,YAAQ,IAAI,cAAc;AAAA,EAC5B;AAEA,SACE,uBAAC,YAAO,WAAW,OAAO,QACxB;AAAA,2BAAC,SAAI,WAAW,OAAO,MACpB;AAAA,cACC;AAAA,QAAC;AAAA;AAAA,UACC,SAAS;AAAA,UACT,WAAW,GAAG,OAAO,UAAU,IAAI,OAAO,UAAU;AAAA,UACpD,cAAW;AAAA,UAEX,iCAAC,cAAD;AAAA;AAAA;AAAA;AAAA,iBAAU;AAAA;AAAA,QALZ;AAAA;AAAA;AAAA;AAAA;AAAA;AAAA;AAAA;AAAA,MAMA;AAAA,MAED,QACC;AAAA,QAAC;AAAA;AAAA,UACC,SAAS;AAAA,UACT,WAAW,GAAG,OAAO,UAAU,IAAI,OAAO,UAAU;AAAA,UACpD,cAAW;AAAA,UAEX,iCAAC,cAAD;AAAA;AAAA;AAAA;AAAA,iBAAU;AAAA;AAAA,QALZ;AAAA;AAAA;AAAA;AAAA;AAAA;AAAA;AAAA;AAAA,MAMA;AAAA,SAjBJ;AAAA;AAAA;AAAA;AAAA,WAmBA;AAAA,IAEA,uBAAC,QAAG,WAAW,OAAO,OAAQ,mBAA9B;AAAA;AAAA;AAAA;AAAA,WAAoC;AAAA,IACpC,uBAAC,SAAI,WAAW,OAAO,QAAvB;AAAA;AAAA;AAAA;AAAA,WAA6B;AAAA,OAvB/B;AAAA;AAAA;AAAA;AAAA,SAwBA;AAEJ;AAEA,MAAM,WAAW,MACf,uBAAC,SAAI,OAAM,MAAK,QAAO,MAAK,SAAQ,aAAY,MAAK,QACnD;AAAA,EAAC;AAAA;AAAA,IACC,GAAE;AAAA,IACF,QAAO;AAAA,IACP,aAAY;AAAA,IACZ,eAAc;AAAA,IACd,gBAAe;AAAA;AAAA,EALjB;AAAA;AAAA;AAAA;AAAA;AAAA;AAAA;AAAA;AAMA,KAPF;AAAA;AAAA;AAAA;AAAA,OAQA;AAGF,MAAM,WAAW,MACf,uBAAC,SAAI,OAAM,MAAK,QAAO,MAAK,SAAQ,aAAY,MAAK,QACnD;AAAA,EAAC;AAAA;AAAA,IACC,GAAE;AAAA,IACF,QAAO;AAAA,IACP,aAAY;AAAA,IACZ,eAAc;AAAA;AAAA,EAJhB;AAAA;AAAA;AAAA;AAAA;AAAA;AAAA;AAAA;AAKA,KANF;AAAA;AAAA;AAAA;AAAA,OAOA;",
      "names": []
    },
    "_coverageSchema": "1a1c01bbd47fc00a2c39e90264f33305004495a9",
    "hash": "c0d88aa92a70f1aa1f6a31194398f7953705e1de"
  },
  "C:/Users/Antony/Desktop/SkShH - Web-dev/SkillShare-Hub/skillshare-hub/web/src/components/Input/Input.jsx": {
    "path": "C:/Users/Antony/Desktop/SkShH - Web-dev/SkillShare-Hub/skillshare-hub/web/src/components/Input/Input.jsx",
    "statementMap": {
      "0": {
        "start": {
          "line": 4,
          "column": 2
        },
        "end": {
          "line": 24,
          "column": 11
        }
      }
    },
    "fnMap": {
      "0": {
        "name": "Input",
        "decl": {
          "start": {
            "line": 3,
            "column": 24
          },
          "end": {
            "line": 3,
            "column": 29
          }
        },
        "loc": {
          "start": {
            "line": 3,
            "column": 57
          },
          "end": {
            "line": 25,
            "column": 1
          }
        },
        "line": 3
      }
    },
    "branchMap": {
      "0": {
        "loc": {
          "start": {
            "line": 5,
            "column": 4
          },
          "end": {
            "line": 9,
            "column": 12
          }
        },
        "type": "binary-expr",
        "locations": [
          {
            "start": {
              "line": 5,
              "column": 4
            },
            "end": {
              "line": 5,
              "column": 9
            }
          },
          {
            "start": {
              "line": 5,
              "column": 29
            },
            "end": {
              "line": 9,
              "column": 12
            }
          }
        ],
        "line": 5
      },
      "1": {
        "loc": {
          "start": {
            "line": 10,
            "column": 64
          },
          "end": {
            "line": 10,
            "column": 89
          }
        },
        "type": "cond-expr",
        "locations": [
          {
            "start": {
              "line": 10,
              "column": 72
            },
            "end": {
              "line": 10,
              "column": 84
            }
          },
          {
            "start": {
              "line": 10,
              "column": 87
            },
            "end": {
              "line": 10,
              "column": 89
            }
          }
        ],
        "line": 10
      },
      "2": {
        "loc": {
          "start": {
            "line": 15,
            "column": 4
          },
          "end": {
            "line": 19,
            "column": 12
          }
        },
        "type": "binary-expr",
        "locations": [
          {
            "start": {
              "line": 15,
              "column": 4
            },
            "end": {
              "line": 15,
              "column": 9
            }
          },
          {
            "start": {
              "line": 15,
              "column": 29
            },
            "end": {
              "line": 19,
              "column": 12
            }
          }
        ],
        "line": 15
      }
    },
    "s": {
      "0": 239
    },
    "f": {
      "0": 239
    },
    "b": {
      "0": [239, 5],
      "1": [8, 231],
      "2": [239, 8]
    },
    "inputSourceMap": {
      "version": 3,
      "sources": [
        "C:/Users/Antony/Desktop/SkShH - Web-dev/SkillShare-Hub/skillshare-hub/web/src/components/Input/Input.jsx"
      ],
      "mappings": "AAKgB;AALhB,OAAO,YAAY;AAEnB,wBAAwB,MAAM,EAAE,OAAO,OAAO,GAAG,KAAK,GAAG;AACvD,SACE,uBAAC,WAAM,WAAW,OAAO,MACtB;AAAA,aAAS,uBAAC,UAAK,WAAW,OAAO,OAAQ,mBAAhC;AAAA;AAAA;AAAA;AAAA,WAAsC;AAAA,IAChD,uBAAC,WAAM,WAAW,CAAC,OAAO,OAAO,QAAQ,OAAO,QAAQ,EAAE,EAAE,KAAK,GAAG,GAAI,GAAG,QAA3E;AAAA;AAAA;AAAA;AAAA,WAAiF;AAAA,IAChF,SAAS,uBAAC,UAAK,WAAW,OAAO,SAAU,mBAAlC;AAAA;AAAA;AAAA;AAAA,WAAwC;AAAA,OAHpD;AAAA;AAAA;AAAA;AAAA,SAIA;AAEJ;",
      "names": []
    },
    "_coverageSchema": "1a1c01bbd47fc00a2c39e90264f33305004495a9",
    "hash": "9efc9a60a8b5124687d379797e0d0fbb14fcb9d9"
  },
  "C:/Users/Antony/Desktop/SkShH - Web-dev/SkillShare-Hub/skillshare-hub/web/src/components/MatchCard.jsx": {
    "path": "C:/Users/Antony/Desktop/SkShH - Web-dev/SkillShare-Hub/skillshare-hub/web/src/components/MatchCard.jsx",
    "statementMap": {
      "0": {
        "start": {
          "line": 4,
          "column": 2
        },
        "end": {
          "line": 52,
          "column": 11
        }
      }
    },
    "fnMap": {
      "0": {
        "name": "MatchCard",
        "decl": {
          "start": {
            "line": 3,
            "column": 24
          },
          "end": {
            "line": 3,
            "column": 33
          }
        },
        "loc": {
          "start": {
            "line": 3,
            "column": 71
          },
          "end": {
            "line": 53,
            "column": 1
          }
        },
        "line": 3
      }
    },
    "branchMap": {
      "0": {
        "loc": {
          "start": {
            "line": 5,
            "column": 72
          },
          "end": {
            "line": 5,
            "column": 88
          }
        },
        "type": "binary-expr",
        "locations": [
          {
            "start": {
              "line": 5,
              "column": 72
            },
            "end": {
              "line": 5,
              "column": 81
            }
          },
          {
            "start": {
              "line": 5,
              "column": 85
            },
            "end": {
              "line": 5,
              "column": 88
            }
          }
        ],
        "line": 5
      },
      "1": {
        "loc": {
          "start": {
            "line": 21,
            "column": 6
          },
          "end": {
            "line": 42,
            "column": 14
          }
        },
        "type": "binary-expr",
        "locations": [
          {
            "start": {
              "line": 21,
              "column": 7
            },
            "end": {
              "line": 21,
              "column": 13
            }
          },
          {
            "start": {
              "line": 21,
              "column": 17
            },
            "end": {
              "line": 21,
              "column": 24
            }
          },
          {
            "start": {
              "line": 21,
              "column": 45
            },
            "end": {
              "line": 42,
              "column": 14
            }
          }
        ],
        "line": 21
      },
      "2": {
        "loc": {
          "start": {
            "line": 22,
            "column": 8
          },
          "end": {
            "line": 29,
            "column": 16
          }
        },
        "type": "binary-expr",
        "locations": [
          {
            "start": {
              "line": 22,
              "column": 8
            },
            "end": {
              "line": 22,
              "column": 14
            }
          },
          {
            "start": {
              "line": 22,
              "column": 34
            },
            "end": {
              "line": 29,
              "column": 16
            }
          }
        ],
        "line": 22
      },
      "3": {
        "loc": {
          "start": {
            "line": 30,
            "column": 8
          },
          "end": {
            "line": 37,
            "column": 16
          }
        },
        "type": "binary-expr",
        "locations": [
          {
            "start": {
              "line": 30,
              "column": 8
            },
            "end": {
              "line": 30,
              "column": 15
            }
          },
          {
            "start": {
              "line": 30,
              "column": 35
            },
            "end": {
              "line": 37,
              "column": 16
            }
          }
        ],
        "line": 30
      }
    },
    "s": {
      "0": 5
    },
    "f": {
      "0": 5
    },
    "b": {
      "0": [5, 0],
      "1": [5, 2, 3],
      "2": [3, 3],
      "3": [3, 3]
    },
    "inputSourceMap": {
      "version": 3,
      "sources": [
        "C:/Users/Antony/Desktop/SkShH - Web-dev/SkillShare-Hub/skillshare-hub/web/src/components/MatchCard.jsx"
      ],
      "mappings": "AAKM;AALN,OAAO,YAAY;AAEnB,wBAAwB,UAAU,EAAE,MAAM,UAAU,QAAQ,QAAQ,GAAG;AACrE,SACE,uBAAC,SAAI,WAAW,OAAO,MACrB;AAAA,2BAAC,SAAI,WAAW,OAAO,QAAS,iBAAO,CAAC,KAAK,OAA7C;AAAA;AAAA;AAAA;AAAA,WAAiD;AAAA,IACjD,uBAAC,SAAI,WAAW,OAAO,MACrB;AAAA,6BAAC,SAAI,WAAW,OAAO,MAAO,kBAA9B;AAAA;AAAA;AAAA;AAAA,aAAmC;AAAA,MACnC,uBAAC,SAAI,WAAW,OAAO,KAAM,sBAA7B;AAAA;AAAA;AAAA;AAAA,aAAsC;AAAA,OACpC,UAAU,YACV,uBAAC,SAAI,WAAW,OAAO,OACpB;AAAA,kBAAU,uBAAC,UAAM;AAAA;AAAA,UAAO;AAAA,aAAd;AAAA;AAAA;AAAA;AAAA,eAAiB;AAAA,QAC3B,WAAW,uBAAC,UAAM;AAAA;AAAA,UAAQ;AAAA,aAAf;AAAA;AAAA;AAAA;AAAA,eAAuB;AAAA,WAFrC;AAAA;AAAA;AAAA;AAAA,aAGA;AAAA,SAPJ;AAAA;AAAA;AAAA;AAAA,WASA;AAAA,OAXF;AAAA;AAAA;AAAA;AAAA,SAYA;AAEJ;",
      "names": []
    },
    "_coverageSchema": "1a1c01bbd47fc00a2c39e90264f33305004495a9",
    "hash": "001908e9550b1990d94a4a46a0d8b153b84e1d1a"
  },
  "C:/Users/Antony/Desktop/SkShH - Web-dev/SkillShare-Hub/skillshare-hub/web/src/components/SkillTag.jsx": {
    "path": "C:/Users/Antony/Desktop/SkShH - Web-dev/SkillShare-Hub/skillshare-hub/web/src/components/SkillTag.jsx",
    "statementMap": {
      "0": {
        "start": {
          "line": 4,
          "column": 2
        },
        "end": {
          "line": 8,
          "column": 11
        }
      }
    },
    "fnMap": {
      "0": {
        "name": "SkillTag",
        "decl": {
          "start": {
            "line": 3,
            "column": 24
          },
          "end": {
            "line": 3,
            "column": 32
          }
        },
        "loc": {
          "start": {
            "line": 3,
            "column": 47
          },
          "end": {
            "line": 9,
            "column": 1
          }
        },
        "line": 3
      }
    },
    "branchMap": {},
    "s": {
      "0": 26
    },
    "f": {
      "0": 26
    },
    "b": {},
    "inputSourceMap": {
      "version": 3,
      "sources": [
        "C:/Users/Antony/Desktop/SkShH - Web-dev/SkillShare-Hub/skillshare-hub/web/src/components/SkillTag.jsx"
      ],
      "mappings": "AAES;AAFT,OAAO,YAAY;AACnB,wBAAwB,SAAS,EAAE,SAAS,GAAG;AAC7C,SAAO,uBAAC,UAAK,WAAW,OAAO,KAAM,YAA9B;AAAA;AAAA;AAAA;AAAA,SAAuC;AAChD;",
      "names": []
    },
    "_coverageSchema": "1a1c01bbd47fc00a2c39e90264f33305004495a9",
    "hash": "e1ba59e182098fc11d94558dcb50746c6a21887e"
  },
  "C:/Users/Antony/Desktop/SkShH - Web-dev/SkillShare-Hub/skillshare-hub/web/src/pages/Home.jsx": {
    "path": "C:/Users/Antony/Desktop/SkShH - Web-dev/SkillShare-Hub/skillshare-hub/web/src/pages/Home.jsx",
    "statementMap": {
      "0": {
        "start": {
          "line": 7,
          "column": 2
        },
        "end": {
          "line": 55,
          "column": 11
        }
      }
    },
    "fnMap": {
      "0": {
        "name": "Home",
        "decl": {
          "start": {
            "line": 6,
            "column": 24
          },
          "end": {
            "line": 6,
            "column": 28
          }
        },
        "loc": {
          "start": {
            "line": 6,
            "column": 31
          },
          "end": {
            "line": 56,
            "column": 1
          }
        },
        "line": 6
      }
    },
    "branchMap": {},
    "s": {
      "0": 2
    },
    "f": {
      "0": 2
    },
    "b": {},
    "inputSourceMap": {
      "version": 3,
      "sources": [
        "C:/Users/Antony/Desktop/SkShH - Web-dev/SkillShare-Hub/skillshare-hub/web/src/pages/Home.jsx"
      ],
      "mappings": "AAOI,mBACE,cADF;AAPJ,OAAO,YAAY;AACnB,OAAO,YAAY;AACnB,OAAO,WAAW;AAClB,OAAO,YAAY;AAEnB,wBAAwB,OAAO;AAC7B,SACE,mCACE;AAAA,2BAAC,UAAO,OAAM,oBAAd;AAAA;AAAA;AAAA;AAAA,WAA+B;AAAA,IAC/B,uBAAC,UAAK,WAAW,OAAO,MACtB;AAAA,6BAAC,QAAG,WAAW,OAAO,MAAM;AAAA;AAAA,QAE1B,uBAAC,UAAD;AAAA;AAAA;AAAA;AAAA,eAAI;AAAA,QAAE;AAAA,WAFR;AAAA;AAAA;AAAA;AAAA,aAIA;AAAA,MACA,uBAAC,OAAE,WAAW,OAAO,MAAM,sHAA3B;AAAA;AAAA;AAAA;AAAA,aAGA;AAAA,MAEA,uBAAC,SAAI,WAAW,OAAO,QACrB,iCAAC,SAAM,aAAY,uBAAnB;AAAA;AAAA;AAAA;AAAA,aAAuC,KADzC;AAAA;AAAA;AAAA;AAAA,aAEA;AAAA,MAEA,uBAAC,UAAO,2BAAR;AAAA;AAAA;AAAA;AAAA,aAAmB;AAAA,SAfrB;AAAA;AAAA;AAAA;AAAA,WAgBA;AAAA,OAlBF;AAAA;AAAA;AAAA;AAAA,SAmBA;AAEJ;",
      "names": []
    },
    "_coverageSchema": "1a1c01bbd47fc00a2c39e90264f33305004495a9",
    "hash": "aae240a65242e44d8c8fdbdab522acdb4843ca76"
  },
  "C:/Users/Antony/Desktop/SkShH - Web-dev/SkillShare-Hub/skillshare-hub/web/src/app/authContext.jsx": {
    "path": "C:/Users/Antony/Desktop/SkShH - Web-dev/SkillShare-Hub/skillshare-hub/web/src/app/authContext.jsx",
    "statementMap": {
      "0": {
        "start": {
          "line": 3,
          "column": 20
        },
        "end": {
          "line": 3,
          "column": 39
        }
      },
      "1": {
        "start": {
          "line": 4,
          "column": 17
        },
        "end": {
          "line": 4,
          "column": 34
        }
      },
      "2": {
        "start": {
          "line": 5,
          "column": 18
        },
        "end": {
          "line": 5,
          "column": 36
        }
      },
      "3": {
        "start": {
          "line": 6,
          "column": 16
        },
        "end": {
          "line": 6,
          "column": 43
        }
      },
      "4": {
        "start": {
          "line": 8,
          "column": 26
        },
        "end": {
          "line": 8,
          "column": 40
        }
      },
      "5": {
        "start": {
          "line": 9,
          "column": 28
        },
        "end": {
          "line": 9,
          "column": 42
        }
      },
      "6": {
        "start": {
          "line": 10,
          "column": 40
        },
        "end": {
          "line": 10,
          "column": 54
        }
      },
      "7": {
        "start": {
          "line": 11,
          "column": 2
        },
        "end": {
          "line": 24,
          "column": 9
        }
      },
      "8": {
        "start": {
          "line": 12,
          "column": 23
        },
        "end": {
          "line": 12,
          "column": 53
        }
      },
      "9": {
        "start": {
          "line": 13,
          "column": 24
        },
        "end": {
          "line": 13,
          "column": 55
        }
      },
      "10": {
        "start": {
          "line": 14,
          "column": 4
        },
        "end": {
          "line": 22,
          "column": 5
        }
      },
      "11": {
        "start": {
          "line": 15,
          "column": 6
        },
        "end": {
          "line": 21,
          "column": 7
        }
      },
      "12": {
        "start": {
          "line": 16,
          "column": 8
        },
        "end": {
          "line": 16,
          "column": 40
        }
      },
      "13": {
        "start": {
          "line": 17,
          "column": 8
        },
        "end": {
          "line": 17,
          "column": 30
        }
      },
      "14": {
        "start": {
          "line": 19,
          "column": 8
        },
        "end": {
          "line": 19,
          "column": 42
        }
      },
      "15": {
        "start": {
          "line": 20,
          "column": 8
        },
        "end": {
          "line": 20,
          "column": 43
        }
      },
      "16": {
        "start": {
          "line": 23,
          "column": 4
        },
        "end": {
          "line": 23,
          "column": 26
        }
      },
      "17": {
        "start": {
          "line": 25,
          "column": 19
        },
        "end": {
          "line": 40,
          "column": 8
        }
      },
      "18": {
        "start": {
          "line": 26,
          "column": 16
        },
        "end": {
          "line": 30,
          "column": 6
        }
      },
      "19": {
        "start": {
          "line": 31,
          "column": 17
        },
        "end": {
          "line": 31,
          "column": 51
        }
      },
      "20": {
        "start": {
          "line": 31,
          "column": 46
        },
        "end": {
          "line": 31,
          "column": 50
        }
      },
      "21": {
        "start": {
          "line": 32,
          "column": 4
        },
        "end": {
          "line": 34,
          "column": 5
        }
      },
      "22": {
        "start": {
          "line": 33,
          "column": 6
        },
        "end": {
          "line": 33,
          "column": 61
        }
      },
      "23": {
        "start": {
          "line": 35,
          "column": 4
        },
        "end": {
          "line": 35,
          "column": 62
        }
      },
      "24": {
        "start": {
          "line": 36,
          "column": 4
        },
        "end": {
          "line": 36,
          "column": 48
        }
      },
      "25": {
        "start": {
          "line": 37,
          "column": 4
        },
        "end": {
          "line": 37,
          "column": 23
        }
      },
      "26": {
        "start": {
          "line": 38,
          "column": 4
        },
        "end": {
          "line": 38,
          "column": 25
        }
      },
      "27": {
        "start": {
          "line": 39,
          "column": 4
        },
        "end": {
          "line": 39,
          "column": 21
        }
      },
      "28": {
        "start": {
          "line": 41,
          "column": 16
        },
        "end": {
          "line": 56,
          "column": 8
        }
      },
      "29": {
        "start": {
          "line": 42,
          "column": 16
        },
        "end": {
          "line": 46,
          "column": 6
        }
      },
      "30": {
        "start": {
          "line": 47,
          "column": 17
        },
        "end": {
          "line": 47,
          "column": 51
        }
      },
      "31": {
        "start": {
          "line": 47,
          "column": 46
        },
        "end": {
          "line": 47,
          "column": 50
        }
      },
      "32": {
        "start": {
          "line": 48,
          "column": 4
        },
        "end": {
          "line": 50,
          "column": 5
        }
      },
      "33": {
        "start": {
          "line": 49,
          "column": 6
        },
        "end": {
          "line": 49,
          "column": 58
        }
      },
      "34": {
        "start": {
          "line": 51,
          "column": 4
        },
        "end": {
          "line": 51,
          "column": 62
        }
      },
      "35": {
        "start": {
          "line": 52,
          "column": 4
        },
        "end": {
          "line": 52,
          "column": 48
        }
      },
      "36": {
        "start": {
          "line": 53,
          "column": 4
        },
        "end": {
          "line": 53,
          "column": 23
        }
      },
      "37": {
        "start": {
          "line": 54,
          "column": 4
        },
        "end": {
          "line": 54,
          "column": 25
        }
      },
      "38": {
        "start": {
          "line": 55,
          "column": 4
        },
        "end": {
          "line": 55,
          "column": 21
        }
      },
      "39": {
        "start": {
          "line": 57,
          "column": 17
        },
        "end": {
          "line": 62,
          "column": 8
        }
      },
      "40": {
        "start": {
          "line": 58,
          "column": 4
        },
        "end": {
          "line": 58,
          "column": 38
        }
      },
      "41": {
        "start": {
          "line": 59,
          "column": 4
        },
        "end": {
          "line": 59,
          "column": 39
        }
      },
      "42": {
        "start": {
          "line": 60,
          "column": 4
        },
        "end": {
          "line": 60,
          "column": 18
        }
      },
      "43": {
        "start": {
          "line": 61,
          "column": 4
        },
        "end": {
          "line": 61,
          "column": 19
        }
      },
      "44": {
        "start": {
          "line": 63,
          "column": 16
        },
        "end": {
          "line": 71,
          "column": 3
        }
      },
      "45": {
        "start": {
          "line": 72,
          "column": 2
        },
        "end": {
          "line": 76,
          "column": 11
        }
      },
      "46": {
        "start": {
          "line": 78,
          "column": 23
        },
        "end": {
          "line": 84,
          "column": 1
        }
      },
      "47": {
        "start": {
          "line": 79,
          "column": 18
        },
        "end": {
          "line": 79,
          "column": 41
        }
      },
      "48": {
        "start": {
          "line": 80,
          "column": 2
        },
        "end": {
          "line": 82,
          "column": 3
        }
      },
      "49": {
        "start": {
          "line": 81,
          "column": 4
        },
        "end": {
          "line": 81,
          "column": 67
        }
      },
      "50": {
        "start": {
          "line": 83,
          "column": 2
        },
        "end": {
          "line": 83,
          "column": 17
        }
      }
    },
    "fnMap": {
      "0": {
        "name": "AuthProvider",
        "decl": {
          "start": {
            "line": 7,
            "column": 16
          },
          "end": {
            "line": 7,
            "column": 28
          }
        },
        "loc": {
          "start": {
            "line": 7,
            "column": 43
          },
          "end": {
            "line": 77,
            "column": 1
          }
        },
        "line": 7
      },
      "1": {
        "name": "(anonymous_1)",
        "decl": {
          "start": {
            "line": 11,
            "column": 12
          },
          "end": {
            "line": 11,
            "column": 13
          }
        },
        "loc": {
          "start": {
            "line": 11,
            "column": 18
          },
          "end": {
            "line": 24,
            "column": 3
          }
        },
        "line": 11
      },
      "2": {
        "name": "(anonymous_2)",
        "decl": {
          "start": {
            "line": 25,
            "column": 31
          },
          "end": {
            "line": 25,
            "column": 32
          }
        },
        "loc": {
          "start": {
            "line": 25,
            "column": 62
          },
          "end": {
            "line": 40,
            "column": 3
          }
        },
        "line": 25
      },
      "3": {
        "name": "(anonymous_3)",
        "decl": {
          "start": {
            "line": 31,
            "column": 40
          },
          "end": {
            "line": 31,
            "column": 41
          }
        },
        "loc": {
          "start": {
            "line": 31,
            "column": 46
          },
          "end": {
            "line": 31,
            "column": 50
          }
        },
        "line": 31
      },
      "4": {
        "name": "(anonymous_4)",
        "decl": {
          "start": {
            "line": 41,
            "column": 28
          },
          "end": {
            "line": 41,
            "column": 29
          }
        },
        "loc": {
          "start": {
            "line": 41,
            "column": 59
          },
          "end": {
            "line": 56,
            "column": 3
          }
        },
        "line": 41
      },
      "5": {
        "name": "(anonymous_5)",
        "decl": {
          "start": {
            "line": 47,
            "column": 40
          },
          "end": {
            "line": 47,
            "column": 41
          }
        },
        "loc": {
          "start": {
            "line": 47,
            "column": 46
          },
          "end": {
            "line": 47,
            "column": 50
          }
        },
        "line": 47
      },
      "6": {
        "name": "(anonymous_6)",
        "decl": {
          "start": {
            "line": 57,
            "column": 29
          },
          "end": {
            "line": 57,
            "column": 30
          }
        },
        "loc": {
          "start": {
            "line": 57,
            "column": 35
          },
          "end": {
            "line": 62,
            "column": 3
          }
        },
        "line": 57
      },
      "7": {
        "name": "(anonymous_7)",
        "decl": {
          "start": {
            "line": 78,
            "column": 23
          },
          "end": {
            "line": 78,
            "column": 24
          }
        },
        "loc": {
          "start": {
            "line": 78,
            "column": 29
          },
          "end": {
            "line": 84,
            "column": 1
          }
        },
        "line": 78
      }
    },
    "branchMap": {
      "0": {
        "loc": {
          "start": {
            "line": 14,
            "column": 4
          },
          "end": {
            "line": 22,
            "column": 5
          }
        },
        "type": "if",
        "locations": [
          {
            "start": {
              "line": 14,
              "column": 4
            },
            "end": {
              "line": 22,
              "column": 5
            }
          },
          {
            "start": {},
            "end": {}
          }
        ],
        "line": 14
      },
      "1": {
        "loc": {
          "start": {
            "line": 14,
            "column": 8
          },
          "end": {
            "line": 14,
            "column": 33
          }
        },
        "type": "binary-expr",
        "locations": [
          {
            "start": {
              "line": 14,
              "column": 8
            },
            "end": {
              "line": 14,
              "column": 18
            }
          },
          {
            "start": {
              "line": 14,
              "column": 22
            },
            "end": {
              "line": 14,
              "column": 33
            }
          }
        ],
        "line": 14
      },
      "2": {
        "loc": {
          "start": {
            "line": 32,
            "column": 4
          },
          "end": {
            "line": 34,
            "column": 5
          }
        },
        "type": "if",
        "locations": [
          {
            "start": {
              "line": 32,
              "column": 4
            },
            "end": {
              "line": 34,
              "column": 5
            }
          },
          {
            "start": {},
            "end": {}
          }
        ],
        "line": 32
      },
      "3": {
        "loc": {
          "start": {
            "line": 33,
            "column": 22
          },
          "end": {
            "line": 33,
            "column": 59
          }
        },
        "type": "binary-expr",
        "locations": [
          {
            "start": {
              "line": 33,
              "column": 22
            },
            "end": {
              "line": 33,
              "column": 35
            }
          },
          {
            "start": {
              "line": 33,
              "column": 39
            },
            "end": {
              "line": 33,
              "column": 59
            }
          }
        ],
        "line": 33
      },
      "4": {
        "loc": {
          "start": {
            "line": 48,
            "column": 4
          },
          "end": {
            "line": 50,
            "column": 5
          }
        },
        "type": "if",
        "locations": [
          {
            "start": {
              "line": 48,
              "column": 4
            },
            "end": {
              "line": 50,
              "column": 5
            }
          },
          {
            "start": {},
            "end": {}
          }
        ],
        "line": 48
      },
      "5": {
        "loc": {
          "start": {
            "line": 49,
            "column": 22
          },
          "end": {
            "line": 49,
            "column": 56
          }
        },
        "type": "binary-expr",
        "locations": [
          {
            "start": {
              "line": 49,
              "column": 22
            },
            "end": {
              "line": 49,
              "column": 35
            }
          },
          {
            "start": {
              "line": 49,
              "column": 39
            },
            "end": {
              "line": 49,
              "column": 56
            }
          }
        ],
        "line": 49
      },
      "6": {
        "loc": {
          "start": {
            "line": 67,
            "column": 21
          },
          "end": {
            "line": 67,
            "column": 38
          }
        },
        "type": "binary-expr",
        "locations": [
          {
            "start": {
              "line": 67,
              "column": 21
            },
            "end": {
              "line": 67,
              "column": 27
            }
          },
          {
            "start": {
              "line": 67,
              "column": 31
            },
            "end": {
              "line": 67,
              "column": 38
            }
          }
        ],
        "line": 67
      },
      "7": {
        "loc": {
          "start": {
            "line": 80,
            "column": 2
          },
          "end": {
            "line": 82,
            "column": 3
          }
        },
        "type": "if",
        "locations": [
          {
            "start": {
              "line": 80,
              "column": 2
            },
            "end": {
              "line": 82,
              "column": 3
            }
          },
          {
            "start": {},
            "end": {}
          }
        ],
        "line": 80
      }
    },
    "s": {
      "0": 6,
      "1": 6,
      "2": 6,
      "3": 6,
      "4": 20,
      "5": 20,
      "6": 20,
      "7": 20,
      "8": 10,
      "9": 10,
      "10": 10,
      "11": 0,
      "12": 0,
      "13": 0,
      "14": 0,
      "15": 0,
      "16": 10,
      "17": 20,
      "18": 0,
      "19": 0,
      "20": 0,
      "21": 0,
      "22": 0,
      "23": 0,
      "24": 0,
      "25": 0,
      "26": 0,
      "27": 0,
      "28": 20,
      "29": 0,
      "30": 0,
      "31": 0,
      "32": 0,
      "33": 0,
      "34": 0,
      "35": 0,
      "36": 0,
      "37": 0,
      "38": 0,
      "39": 20,
      "40": 0,
      "41": 0,
      "42": 0,
      "43": 0,
      "44": 20,
      "45": 20,
      "46": 6,
      "47": 80,
      "48": 80,
      "49": 0,
      "50": 80
    },
    "f": {
      "0": 20,
      "1": 10,
      "2": 0,
      "3": 0,
      "4": 0,
      "5": 0,
      "6": 0,
      "7": 80
    },
    "b": {
      "0": [0, 10],
      "1": [10, 0],
      "2": [0, 0],
      "3": [0, 0],
      "4": [0, 0],
      "5": [0, 0],
      "6": [20, 0],
      "7": [0, 80]
    },
    "inputSourceMap": {
      "version": 3,
      "sources": [
        "C:/Users/Antony/Desktop/SkShH - Web-dev/SkillShare-Hub/skillshare-hub/web/src/app/authContext.jsx"
      ],
      "mappings": "AA0FS;AA1FT,OAAO,SAAS,eAAe,YAAY,UAAU,WAAW,mBAAmB;AAEnF,MAAM,cAAc,cAAc,IAAI;AAEtC,MAAM,WAAW;AACjB,MAAM,YAAY;AAClB,MAAM,UAAU;AAET,gBAAS,aAAa,EAAE,SAAS,GAAG;AACzC,QAAM,CAAC,MAAM,OAAO,IAAI,SAAS,IAAI;AACrC,QAAM,CAAC,OAAO,QAAQ,IAAI,SAAS,IAAI;AACvC,QAAM,CAAC,aAAa,cAAc,IAAI,SAAS,IAAI;AAEnD,YAAU,MAAM;AACd,UAAM,aAAa,aAAa,QAAQ,QAAQ;AAChD,UAAM,cAAc,aAAa,QAAQ,SAAS;AAElD,QAAI,cAAc,aAAa;AAC7B,UAAI;AACF,gBAAQ,KAAK,MAAM,UAAU,CAAC;AAC9B,iBAAS,WAAW;AAAA,MACtB,QAAQ;AACN,qBAAa,WAAW,QAAQ;AAChC,qBAAa,WAAW,SAAS;AAAA,MACnC;AAAA,IACF;AACA,mBAAe,KAAK;AAAA,EACtB,GAAG,CAAC,CAAC;AAEL,QAAM,WAAW,YAAY,OAAO,EAAE,OAAO,SAAS,MAAM;AAC1D,UAAM,MAAM,MAAM,MAAM,GAAG,OAAO,kBAAkB;AAAA,MAClD,QAAQ;AAAA,MACR,SAAS,EAAE,gBAAgB,mBAAmB;AAAA,MAC9C,MAAM,KAAK,UAAU,EAAE,OAAO,SAAS,CAAC;AAAA,IAC1C,CAAC;AAED,UAAM,OAAO,MAAM,IAAI,KAAK,EAAE,MAAM,MAAM,IAAI;AAE9C,QAAI,CAAC,IAAI,IAAI;AACX,YAAM,IAAI,MAAM,MAAM,WAAW,oBAAoB;AAAA,IACvD;AAEA,iBAAa,QAAQ,UAAU,KAAK,UAAU,KAAK,IAAI,CAAC;AACxD,iBAAa,QAAQ,WAAW,KAAK,KAAK;AAE1C,YAAQ,KAAK,IAAI;AACjB,aAAS,KAAK,KAAK;AAEnB,WAAO,KAAK;AAAA,EACd,GAAG,CAAC,CAAC;AAEL,QAAM,QAAQ,YAAY,OAAO,EAAE,OAAO,SAAS,MAAM;AACvD,UAAM,MAAM,MAAM,MAAM,GAAG,OAAO,eAAe;AAAA,MAC/C,QAAQ;AAAA,MACR,SAAS,EAAE,gBAAgB,mBAAmB;AAAA,MAC9C,MAAM,KAAK,UAAU,EAAE,OAAO,SAAS,CAAC;AAAA,IAC1C,CAAC;AAED,UAAM,OAAO,MAAM,IAAI,KAAK,EAAE,MAAM,MAAM,IAAI;AAE9C,QAAI,CAAC,IAAI,IAAI;AACX,YAAM,IAAI,MAAM,MAAM,WAAW,iBAAiB;AAAA,IACpD;AAEA,iBAAa,QAAQ,UAAU,KAAK,UAAU,KAAK,IAAI,CAAC;AACxD,iBAAa,QAAQ,WAAW,KAAK,KAAK;AAE1C,YAAQ,KAAK,IAAI;AACjB,aAAS,KAAK,KAAK;AAEnB,WAAO,KAAK;AAAA,EACd,GAAG,CAAC,CAAC;AAEL,QAAM,SAAS,YAAY,MAAM;AAC/B,iBAAa,WAAW,QAAQ;AAChC,iBAAa,WAAW,SAAS;AACjC,YAAQ,IAAI;AACZ,aAAS,IAAI;AAAA,EACf,GAAG,CAAC,CAAC;AAEL,QAAM,QAAQ;AAAA,IACZ;AAAA,IACA;AAAA,IACA;AAAA,IACA,iBAAiB,CAAC,CAAC,QAAQ,CAAC,CAAC;AAAA,IAC7B;AAAA,IACA;AAAA,IACA;AAAA,EACF;AAEA,SAAO,uBAAC,YAAY,UAAZ,EAAqB,OAAe,YAArC;AAAA;AAAA;AAAA;AAAA,SAA8C;AACvD;AAEO,aAAM,UAAU,MAAM;AAC3B,QAAM,UAAU,WAAW,WAAW;AACtC,MAAI,CAAC,SAAS;AACZ,UAAM,IAAI,MAAM,6CAA6C;AAAA,EAC/D;AACA,SAAO;AACT;",
      "names": []
    },
    "_coverageSchema": "1a1c01bbd47fc00a2c39e90264f33305004495a9",
    "hash": "aa537d14d04896551d4e569102903ca6e31f2c4b"
  },
  "C:/Users/Antony/Desktop/SkShH - Web-dev/SkillShare-Hub/skillshare-hub/web/src/pages/Auth/Login.jsx": {
    "path": "C:/Users/Antony/Desktop/SkShH - Web-dev/SkillShare-Hub/skillshare-hub/web/src/pages/Auth/Login.jsx",
    "statementMap": {
      "0": {
        "start": {
          "line": 10,
          "column": 30
        },
        "end": {
          "line": 10,
          "column": 67
        }
      },
      "1": {
        "start": {
          "line": 11,
          "column": 30
        },
        "end": {
          "line": 11,
          "column": 42
        }
      },
      "2": {
        "start": {
          "line": 12,
          "column": 32
        },
        "end": {
          "line": 12,
          "column": 47
        }
      },
      "3": {
        "start": {
          "line": 13,
          "column": 19
        },
        "end": {
          "line": 13,
          "column": 32
        }
      },
      "4": {
        "start": {
          "line": 14,
          "column": 20
        },
        "end": {
          "line": 14,
          "column": 29
        }
      },
      "5": {
        "start": {
          "line": 15,
          "column": 17
        },
        "end": {
          "line": 35,
          "column": 3
        }
      },
      "6": {
        "start": {
          "line": 16,
          "column": 4
        },
        "end": {
          "line": 16,
          "column": 23
        }
      },
      "7": {
        "start": {
          "line": 17,
          "column": 4
        },
        "end": {
          "line": 17,
          "column": 18
        }
      },
      "8": {
        "start": {
          "line": 18,
          "column": 4
        },
        "end": {
          "line": 18,
          "column": 21
        }
      },
      "9": {
        "start": {
          "line": 19,
          "column": 17
        },
        "end": {
          "line": 19,
          "column": 19
        }
      },
      "10": {
        "start": {
          "line": 20,
          "column": 4
        },
        "end": {
          "line": 20,
          "column": 72
        }
      },
      "11": {
        "start": {
          "line": 20,
          "column": 37
        },
        "end": {
          "line": 20,
          "column": 72
        }
      },
      "12": {
        "start": {
          "line": 21,
          "column": 4
        },
        "end": {
          "line": 21,
          "column": 65
        }
      },
      "13": {
        "start": {
          "line": 21,
          "column": 26
        },
        "end": {
          "line": 21,
          "column": 65
        }
      },
      "14": {
        "start": {
          "line": 22,
          "column": 4
        },
        "end": {
          "line": 26,
          "column": 5
        }
      },
      "15": {
        "start": {
          "line": 23,
          "column": 6
        },
        "end": {
          "line": 23,
          "column": 22
        }
      },
      "16": {
        "start": {
          "line": 24,
          "column": 6
        },
        "end": {
          "line": 24,
          "column": 24
        }
      },
      "17": {
        "start": {
          "line": 25,
          "column": 6
        },
        "end": {
          "line": 25,
          "column": 13
        }
      },
      "18": {
        "start": {
          "line": 27,
          "column": 4
        },
        "end": {
          "line": 34,
          "column": 5
        }
      },
      "19": {
        "start": {
          "line": 28,
          "column": 6
        },
        "end": {
          "line": 28,
          "column": 70
        }
      },
      "20": {
        "start": {
          "line": 29,
          "column": 6
        },
        "end": {
          "line": 29,
          "column": 20
        }
      },
      "21": {
        "start": {
          "line": 31,
          "column": 6
        },
        "end": {
          "line": 31,
          "column": 38
        }
      },
      "22": {
        "start": {
          "line": 33,
          "column": 6
        },
        "end": {
          "line": 33,
          "column": 24
        }
      },
      "23": {
        "start": {
          "line": 36,
          "column": 2
        },
        "end": {
          "line": 122,
          "column": 11
        }
      },
      "24": {
        "start": {
          "line": 59,
          "column": 29
        },
        "end": {
          "line": 59,
          "column": 80
        }
      },
      "25": {
        "start": {
          "line": 59,
          "column": 47
        },
        "end": {
          "line": 59,
          "column": 78
        }
      },
      "26": {
        "start": {
          "line": 78,
          "column": 29
        },
        "end": {
          "line": 78,
          "column": 83
        }
      },
      "27": {
        "start": {
          "line": 78,
          "column": 47
        },
        "end": {
          "line": 78,
          "column": 81
        }
      }
    },
    "fnMap": {
      "0": {
        "name": "Login",
        "decl": {
          "start": {
            "line": 9,
            "column": 24
          },
          "end": {
            "line": 9,
            "column": 29
          }
        },
        "loc": {
          "start": {
            "line": 9,
            "column": 32
          },
          "end": {
            "line": 123,
            "column": 1
          }
        },
        "line": 9
      },
      "1": {
        "name": "(anonymous_1)",
        "decl": {
          "start": {
            "line": 15,
            "column": 17
          },
          "end": {
            "line": 15,
            "column": 18
          }
        },
        "loc": {
          "start": {
            "line": 15,
            "column": 30
          },
          "end": {
            "line": 35,
            "column": 3
          }
        },
        "line": 15
      },
      "2": {
        "name": "(anonymous_2)",
        "decl": {
          "start": {
            "line": 59,
            "column": 22
          },
          "end": {
            "line": 59,
            "column": 23
          }
        },
        "loc": {
          "start": {
            "line": 59,
            "column": 29
          },
          "end": {
            "line": 59,
            "column": 80
          }
        },
        "line": 59
      },
      "3": {
        "name": "(anonymous_3)",
        "decl": {
          "start": {
            "line": 59,
            "column": 39
          },
          "end": {
            "line": 59,
            "column": 40
          }
        },
        "loc": {
          "start": {
            "line": 59,
            "column": 47
          },
          "end": {
            "line": 59,
            "column": 78
          }
        },
        "line": 59
      },
      "4": {
        "name": "(anonymous_4)",
        "decl": {
          "start": {
            "line": 78,
            "column": 22
          },
          "end": {
            "line": 78,
            "column": 23
          }
        },
        "loc": {
          "start": {
            "line": 78,
            "column": 29
          },
          "end": {
            "line": 78,
            "column": 83
          }
        },
        "line": 78
      },
      "5": {
        "name": "(anonymous_5)",
        "decl": {
          "start": {
            "line": 78,
            "column": 39
          },
          "end": {
            "line": 78,
            "column": 40
          }
        },
        "loc": {
          "start": {
            "line": 78,
            "column": 47
          },
          "end": {
            "line": 78,
            "column": 81
          }
        },
        "line": 78
      }
    },
    "branchMap": {
      "0": {
        "loc": {
          "start": {
            "line": 20,
            "column": 4
          },
          "end": {
            "line": 20,
            "column": 72
          }
        },
        "type": "if",
        "locations": [
          {
            "start": {
              "line": 20,
              "column": 4
            },
            "end": {
              "line": 20,
              "column": 72
            }
          },
          {
            "start": {},
            "end": {}
          }
        ],
        "line": 20
      },
      "1": {
        "loc": {
          "start": {
            "line": 21,
            "column": 4
          },
          "end": {
            "line": 21,
            "column": 65
          }
        },
        "type": "if",
        "locations": [
          {
            "start": {
              "line": 21,
              "column": 4
            },
            "end": {
              "line": 21,
              "column": 65
            }
          },
          {
            "start": {},
            "end": {}
          }
        ],
        "line": 21
      },
      "2": {
        "loc": {
          "start": {
            "line": 22,
            "column": 4
          },
          "end": {
            "line": 26,
            "column": 5
          }
        },
        "type": "if",
        "locations": [
          {
            "start": {
              "line": 22,
              "column": 4
            },
            "end": {
              "line": 26,
              "column": 5
            }
          },
          {
            "start": {},
            "end": {}
          }
        ],
        "line": 22
      },
      "3": {
        "loc": {
          "start": {
            "line": 49,
            "column": 8
          },
          "end": {
            "line": 53,
            "column": 16
          }
        },
        "type": "binary-expr",
        "locations": [
          {
            "start": {
              "line": 49,
              "column": 8
            },
            "end": {
              "line": 49,
              "column": 18
            }
          },
          {
            "start": {
              "line": 49,
              "column": 38
            },
            "end": {
              "line": 53,
              "column": 16
            }
          }
        ],
        "line": 49
      },
      "4": {
        "loc": {
          "start": {
            "line": 91,
            "column": 86
          },
          "end": {
            "line": 91,
            "column": 122
          }
        },
        "type": "cond-expr",
        "locations": [
          {
            "start": {
              "line": 91,
              "column": 96
            },
            "end": {
              "line": 91,
              "column": 111
            }
          },
          {
            "start": {
              "line": 91,
              "column": 114
            },
            "end": {
              "line": 91,
              "column": 122
            }
          }
        ],
        "line": 91
      }
    },
    "s": {
      "0": 12,
      "1": 12,
      "2": 12,
      "3": 12,
      "4": 12,
      "5": 12,
      "6": 2,
      "7": 2,
      "8": 2,
      "9": 2,
      "10": 2,
      "11": 2,
      "12": 2,
      "13": 2,
      "14": 2,
      "15": 2,
      "16": 2,
      "17": 2,
      "18": 0,
      "19": 0,
      "20": 0,
      "21": 0,
      "22": 0,
      "23": 12,
      "24": 0,
      "25": 0,
      "26": 0,
      "27": 0
    },
    "f": {
      "0": 12,
      "1": 2,
      "2": 0,
      "3": 0,
      "4": 0,
      "5": 0
    },
    "b": {
      "0": [2, 0],
      "1": [2, 0],
      "2": [2, 0],
      "3": [12, 0],
      "4": [0, 12]
    },
    "inputSourceMap": {
      "version": 3,
      "sources": [
        "C:/Users/Antony/Desktop/SkShH - Web-dev/SkillShare-Hub/skillshare-hub/web/src/pages/Auth/Login.jsx"
      ],
      "mappings": "AA0CI,mBACE,cADF;AA1CJ,SAAS,gBAAgB;AACzB,OAAO,YAAY;AACnB,OAAO,WAAW;AAClB,OAAO,YAAY;AACnB,OAAO,YAAY;AACnB,SAAS,MAAM,mBAAmB;AAClC,SAAS,eAAe;AAExB,wBAAwB,QAAQ;AAC9B,QAAM,CAAC,QAAQ,SAAS,IAAI,SAAS,EAAE,OAAO,IAAI,UAAU,GAAG,CAAC;AAChE,QAAM,CAAC,QAAQ,SAAS,IAAI,SAAS,CAAC,CAAC;AACvC,QAAM,CAAC,SAAS,UAAU,IAAI,SAAS,KAAK;AAE5C,QAAM,WAAW,YAAY;AAC7B,QAAM,EAAE,MAAM,IAAI,QAAQ;AAE1B,QAAM,SAAS,OAAM,MAAK;AACxB,MAAE,eAAe;AACjB,cAAU,CAAC,CAAC;AACZ,eAAW,IAAI;AAEf,UAAM,OAAO,CAAC;AACd,QAAI,CAAC,OAAO,MAAM,SAAS,GAAG,EAAG,MAAK,QAAQ;AAC9C,QAAI,CAAC,OAAO,SAAU,MAAK,WAAW;AAEtC,QAAI,OAAO,KAAK,IAAI,EAAE,SAAS,GAAG;AAChC,gBAAU,IAAI;AACd,iBAAW,KAAK;AAChB;AAAA,IACF;AAEA,QAAI;AACF,YAAM,MAAM,EAAE,OAAO,OAAO,OAAO,UAAU,OAAO,SAAS,CAAC;AAC9D,eAAS,GAAG;AAAA,IACd,SAAS,KAAK;AACZ,gBAAU,EAAE,KAAK,IAAI,QAAQ,CAAC;AAAA,IAChC,UAAE;AACA,iBAAW,KAAK;AAAA,IAClB;AAAA,EACF;AAEA,SACE,mCACE;AAAA,2BAAC,UAAO,OAAM,oBAAd;AAAA;AAAA;AAAA;AAAA,WAA+B;AAAA,IAC/B,uBAAC,UAAK,WAAW,OAAO,MACtB;AAAA,6BAAC,QAAG,WAAW,OAAO,SAAS,uBAA/B;AAAA;AAAA;AAAA;AAAA,aAAsC;AAAA,MACtC,uBAAC,UAAK,UAAU,QAAQ,WAAW,OAAO,MACvC;AAAA,eAAO,OAAO,uBAAC,OAAE,WAAW,OAAO,UAAW,iBAAO,OAAvC;AAAA;AAAA;AAAA;AAAA,eAA2C;AAAA,QAE1D;AAAA,UAAC;AAAA;AAAA,YACC,aAAY;AAAA,YACZ,OAAO,OAAO;AAAA,YACd,UAAU,OAAK,UAAU,QAAM,EAAE,GAAG,GAAG,OAAO,EAAE,OAAO,MAAM,EAAE;AAAA,YAC/D,OAAO,OAAO;AAAA,YACd,UAAU;AAAA;AAAA,UALZ;AAAA;AAAA;AAAA;AAAA;AAAA;AAAA;AAAA;AAAA,QAMA;AAAA,QACA;AAAA,UAAC;AAAA;AAAA,YACC,aAAY;AAAA,YACZ,MAAK;AAAA,YACL,OAAO,OAAO;AAAA,YACd,UAAU,OAAK,UAAU,QAAM,EAAE,GAAG,GAAG,UAAU,EAAE,OAAO,MAAM,EAAE;AAAA,YAClE,OAAO,OAAO;AAAA,YACd,UAAU;AAAA;AAAA,UANZ;AAAA;AAAA;AAAA;AAAA;AAAA;AAAA;AAAA;AAAA,QAOA;AAAA,QACA,uBAAC,UAAO,MAAK,UAAS,UAAU,SAC7B,oBAAU,kBAAkB,YAD/B;AAAA;AAAA;AAAA;AAAA,eAEA;AAAA,WApBF;AAAA;AAAA;AAAA;AAAA,aAqBA;AAAA,MAEA,uBAAC,OAAE,WAAW,OAAO,OAAO;AAAA;AAAA,QACH,uBAAC,QAAK,IAAG,kBAAiB,uBAA1B;AAAA;AAAA;AAAA;AAAA,eAAiC;AAAA,WAD1D;AAAA;AAAA;AAAA;AAAA,aAEA;AAAA,SA3BF;AAAA;AAAA;AAAA;AAAA,WA4BA;AAAA,OA9BF;AAAA;AAAA;AAAA;AAAA,SA+BA;AAEJ;",
      "names": []
    },
    "_coverageSchema": "1a1c01bbd47fc00a2c39e90264f33305004495a9",
    "hash": "38d93d64ac23b0b4b2aac622bb8553bbcd3d677a"
  },
  "C:/Users/Antony/Desktop/SkShH - Web-dev/SkillShare-Hub/skillshare-hub/web/src/pages/NotFound.jsx": {
    "path": "C:/Users/Antony/Desktop/SkShH - Web-dev/SkillShare-Hub/skillshare-hub/web/src/pages/NotFound.jsx",
    "statementMap": {
      "0": {
        "start": {
          "line": 6,
          "column": 2
        },
        "end": {
          "line": 53,
          "column": 11
        }
      }
    },
    "fnMap": {
      "0": {
        "name": "NotFound",
        "decl": {
          "start": {
            "line": 5,
            "column": 24
          },
          "end": {
            "line": 5,
            "column": 32
          }
        },
        "loc": {
          "start": {
            "line": 5,
            "column": 35
          },
          "end": {
            "line": 54,
            "column": 1
          }
        },
        "line": 5
      }
    },
    "branchMap": {},
    "s": {
      "0": 2
    },
    "f": {
      "0": 2
    },
    "b": {},
    "inputSourceMap": {
      "version": 3,
      "sources": [
        "C:/Users/Antony/Desktop/SkShH - Web-dev/SkillShare-Hub/skillshare-hub/web/src/pages/NotFound.jsx"
      ],
      "mappings": "AAMI,mBACE,cADF;AANJ,SAAS,YAAY;AACrB,OAAO,YAAY;AACnB,OAAO,YAAY;AAEnB,wBAAwB,WAAW;AACjC,SACE,mCACE;AAAA,2BAAC,UAAO,OAAM,WAAd;AAAA;AAAA;AAAA;AAAA,WAAsB;AAAA,IACtB;AAAA,MAAC;AAAA;AAAA,QACC,WAAW,OAAO;AAAA,QAClB,OAAO,EAAE,gBAAgB,UAAU,KAAK,QAAQ,OAAO,sBAAsB;AAAA,QAE7E;AAAA,iCAAC,QAAG,WAAW,OAAO,SAAS,OAAO,EAAE,UAAU,OAAO,GAAG,mBAA5D;AAAA;AAAA;AAAA;AAAA,iBAEA;AAAA,UACA,uBAAC,QAAG,8BAAJ;AAAA;AAAA;AAAA;AAAA,iBAAkB;AAAA,UAClB,uBAAC,OAAE,2DAAH;AAAA;AAAA;AAAA;AAAA,iBAA8C;AAAA,UAC9C,uBAAC,QAAK,IAAG,KAAI,OAAO,EAAE,gBAAgB,aAAa,OAAO,iBAAiB,GAAG,+BAA9E;AAAA;AAAA;AAAA;AAAA,iBAEA;AAAA;AAAA;AAAA,MAXF;AAAA;AAAA;AAAA;AAAA;AAAA;AAAA;AAAA;AAAA,IAYA;AAAA,OAdF;AAAA;AAAA;AAAA;AAAA,SAeA;AAEJ;",
      "names": []
    },
    "_coverageSchema": "1a1c01bbd47fc00a2c39e90264f33305004495a9",
    "hash": "105c3e712de0b53fe5be9f04cd9a18c0084d90eb"
  },
  "C:/Users/Antony/Desktop/SkShH - Web-dev/SkillShare-Hub/skillshare-hub/web/src/pages/Profile.jsx": {
    "path": "C:/Users/Antony/Desktop/SkShH - Web-dev/SkillShare-Hub/skillshare-hub/web/src/pages/Profile.jsx",
    "statementMap": {
      "0": {
        "start": {
          "line": 6,
          "column": 2
        },
        "end": {
          "line": 176,
          "column": 11
        }
      },
      "1": {
        "start": {
          "line": 112,
          "column": 122
        },
        "end": {
          "line": 139,
          "column": 16
        }
      },
      "2": {
        "start": {
          "line": 155,
          "column": 20
        },
        "end": {
          "line": 155,
          "column": 25
        }
      },
      "3": {
        "start": {
          "line": 156,
          "column": 23
        },
        "end": {
          "line": 156,
          "column": 38
        }
      },
      "4": {
        "start": {
          "line": 157,
          "column": 8
        },
        "end": {
          "line": 161,
          "column": 17
        }
      }
    },
    "fnMap": {
      "0": {
        "name": "Profile",
        "decl": {
          "start": {
            "line": 5,
            "column": 24
          },
          "end": {
            "line": 5,
            "column": 31
          }
        },
        "loc": {
          "start": {
            "line": 5,
            "column": 34
          },
          "end": {
            "line": 177,
            "column": 1
          }
        },
        "line": 5
      },
      "1": {
        "name": "(anonymous_1)",
        "decl": {
          "start": {
            "line": 112,
            "column": 96
          },
          "end": {
            "line": 112,
            "column": 97
          }
        },
        "loc": {
          "start": {
            "line": 112,
            "column": 122
          },
          "end": {
            "line": 139,
            "column": 16
          }
        },
        "line": 112
      },
      "2": {
        "name": "(anonymous_2)",
        "decl": {
          "start": {
            "line": 154,
            "column": 107
          },
          "end": {
            "line": 154,
            "column": 108
          }
        },
        "loc": {
          "start": {
            "line": 154,
            "column": 117
          },
          "end": {
            "line": 162,
            "column": 7
          }
        },
        "line": 154
      }
    },
    "branchMap": {
      "0": {
        "loc": {
          "start": {
            "line": 157,
            "column": 72
          },
          "end": {
            "line": 157,
            "column": 99
          }
        },
        "type": "cond-expr",
        "locations": [
          {
            "start": {
              "line": 157,
              "column": 81
            },
            "end": {
              "line": 157,
              "column": 94
            }
          },
          {
            "start": {
              "line": 157,
              "column": 97
            },
            "end": {
              "line": 157,
              "column": 99
            }
          }
        ],
        "line": 157
      },
      "1": {
        "loc": {
          "start": {
            "line": 157,
            "column": 122
          },
          "end": {
            "line": 157,
            "column": 153
          }
        },
        "type": "cond-expr",
        "locations": [
          {
            "start": {
              "line": 157,
              "column": 145
            },
            "end": {
              "line": 157,
              "column": 148
            }
          },
          {
            "start": {
              "line": 157,
              "column": 151
            },
            "end": {
              "line": 157,
              "column": 153
            }
          }
        ],
        "line": 157
      },
      "2": {
        "loc": {
          "start": {
            "line": 157,
            "column": 122
          },
          "end": {
            "line": 157,
            "column": 142
          }
        },
        "type": "binary-expr",
        "locations": [
          {
            "start": {
              "line": 157,
              "column": 122
            },
            "end": {
              "line": 157,
              "column": 129
            }
          },
          {
            "start": {
              "line": 157,
              "column": 133
            },
            "end": {
              "line": 157,
              "column": 142
            }
          }
        ],
        "line": 157
      }
    },
    "s": {
      "0": 2,
      "1": 10,
      "2": 70,
      "3": 70,
      "4": 70
    },
    "f": {
      "0": 2,
      "1": 10,
      "2": 70
    },
    "b": {
      "0": [2, 68],
      "1": [60, 10],
      "2": [70, 66]
    },
    "inputSourceMap": {
      "version": 3,
      "sources": [
        "C:/Users/Antony/Desktop/SkShH - Web-dev/SkillShare-Hub/skillshare-hub/web/src/pages/Profile.jsx"
      ],
      "mappings": "AAMI,mBACE,cADF;AANJ,OAAO,YAAY;AACnB,OAAO,cAAc;AACrB,OAAO,YAAY;AAEnB,wBAAwB,UAAU;AAChC,SACE,mCACE;AAAA,2BAAC,UAAO,OAAM,WAAU,MAAI,QAA5B;AAAA;AAAA;AAAA;AAAA,WAA6B;AAAA,IAC7B,uBAAC,UAAK,WAAW,OAAO,MACtB;AAAA,6BAAC,SAAI,WAAW,OAAO,QACrB;AAAA,+BAAC,SAAI,WAAW,OAAO,QAAQ,iBAA/B;AAAA;AAAA;AAAA;AAAA,eAAgC;AAAA,QAChC,uBAAC,QAAG,WAAW,OAAO,MAAM,6BAA5B;AAAA;AAAA;AAAA;AAAA,eAAyC;AAAA,QACzC,uBAAC,SAAI,WAAW,OAAO,MAAM,iCAA7B;AAAA;AAAA;AAAA;AAAA,eAA8C;AAAA,QAC9C,uBAAC,SAAI,WAAW,OAAO,OAAO,2BAA9B;AAAA;AAAA;AAAA;AAAA,eAAyC;AAAA,WAJ3C;AAAA;AAAA;AAAA;AAAA,aAKA;AAAA,MAEA,uBAAC,OAAE,WAAW,OAAO,KAAK,oFAA1B;AAAA;AAAA;AAAA;AAAA,aAEA;AAAA,MAEA,uBAAC,QAAG,WAAW,OAAO,IAAI,kCAA1B;AAAA;AAAA;AAAA;AAAA,aAA4C;AAAA,MAC5C,uBAAC,SAAI,WAAW,OAAO,MACrB;AAAA,+BAAC,YAAS,sBAAV;AAAA;AAAA;AAAA;AAAA,eAAgB;AAAA,QAChB,uBAAC,YAAS,6BAAV;AAAA;AAAA;AAAA;AAAA,eAAuB;AAAA,QACvB,uBAAC,YAAS,+BAAV;AAAA;AAAA;AAAA;AAAA,eAAyB;AAAA,WAH3B;AAAA;AAAA;AAAA;AAAA,aAIA;AAAA,MAEA,uBAAC,QAAG,WAAW,OAAO,IAAI,sCAA1B;AAAA;AAAA;AAAA;AAAA,aAAgD;AAAA,MAChD,uBAAC,SAAI,WAAW,OAAO,MACrB;AAAA,+BAAC,YAAS,gCAAV;AAAA;AAAA;AAAA;AAAA,eAA0B;AAAA,QAC1B,uBAAC,YAAS,+BAAV;AAAA;AAAA;AAAA;AAAA,eAAyB;AAAA,QACzB,uBAAC,YAAS,6BAAV;AAAA;AAAA;AAAA;AAAA,eAAuB;AAAA,WAHzB;AAAA;AAAA;AAAA;AAAA,aAIA;AAAA,MAEA,uBAAC,SAAI,WAAW,OAAO,YACrB;AAAA,+BAAC,SAAI,WAAW,OAAO,OAAO,mBAA9B;AAAA;AAAA;AAAA;AAAA,eAAiC;AAAA,QACjC,uBAAC,SAAI,WAAW,OAAO,OAAO,qBAA9B;AAAA;AAAA;AAAA;AAAA,eAAmC;AAAA,QACnC,uBAAC,SAAI,WAAW,OAAO,KAAK,0BAA5B;AAAA;AAAA;AAAA;AAAA,eAAsC;AAAA,QACtC,uBAAC,SAAI,WAAW,OAAO,MACpB,WAAC,IAAI,IAAI,GAAG,GAAG,CAAC,EAAE,IAAI,CAAC,GAAG,MACzB,uBAAC,SAAY,WAAW,OAAO,KAC7B;AAAA,iCAAC,UAAM,cAAI,KAAX;AAAA;AAAA;AAAA;AAAA,iBAAa;AAAA,UACb,uBAAC,SAAI,WAAW,OAAO,KACrB,iCAAC,OAAE,OAAO,EAAE,OAAO,GAAG,CAAC,IAAI,KAA3B;AAAA;AAAA;AAAA;AAAA,iBAA8B,KADhC;AAAA;AAAA;AAAA;AAAA,iBAEA;AAAA,UACA,uBAAC,UAAK,WAAW,OAAO,WAAY;AAAA;AAAA,YAAE;AAAA,eAAtC;AAAA;AAAA;AAAA;AAAA,iBAAuC;AAAA,aAL/B,GAAV;AAAA;AAAA;AAAA;AAAA,eAMA,CACD,KATH;AAAA;AAAA;AAAA;AAAA,eAUA;AAAA,WAdF;AAAA;AAAA;AAAA;AAAA,aAeA;AAAA,MAEA,uBAAC,QAAG,WAAW,OAAO,IAAI,4BAA1B;AAAA;AAAA;AAAA;AAAA,aAAsC;AAAA,MACtC,uBAAC,SAAI,WAAW,OAAO,UACpB,gBAAM,KAAK,EAAE,QAAQ,GAAG,CAAC,EAAE,IAAI,CAAC,GAAG,MAAM;AACxC,cAAM,MAAM,IAAI;AAChB,cAAM,SAAS,CAAC,CAAC,EAAE,SAAS,CAAC;AAC7B,eACE,uBAAC,SAAY,WAAW,CAAC,OAAO,MAAM,SAAS,OAAO,SAAS,EAAE,EAAE,KAAK,GAAG,GACxE,gBAAM,KAAK,OAAO,KAAK,MAAM,MADtB,GAAV;AAAA;AAAA;AAAA;AAAA,eAEA;AAAA,MAEJ,CAAC,KATH;AAAA;AAAA;AAAA;AAAA,aAUA;AAAA,SAtDF;AAAA;AAAA;AAAA;AAAA,WAuDA;AAAA,OAzDF;AAAA;AAAA;AAAA;AAAA,SA0DA;AAEJ;",
      "names": []
    },
    "_coverageSchema": "1a1c01bbd47fc00a2c39e90264f33305004495a9",
    "hash": "73a6604077542369bce862884762a4840a4c8bac"
  },
  "C:/Users/Antony/Desktop/SkShH - Web-dev/SkillShare-Hub/skillshare-hub/web/src/pages/Auth/Register.jsx": {
    "path": "C:/Users/Antony/Desktop/SkShH - Web-dev/SkillShare-Hub/skillshare-hub/web/src/pages/Auth/Register.jsx",
    "statementMap": {
      "0": {
        "start": {
          "line": 10,
          "column": 30
        },
        "end": {
          "line": 10,
          "column": 80
        }
      },
      "1": {
        "start": {
          "line": 11,
          "column": 30
        },
        "end": {
          "line": 11,
          "column": 42
        }
      },
      "2": {
        "start": {
          "line": 12,
          "column": 32
        },
        "end": {
          "line": 12,
          "column": 47
        }
      },
      "3": {
        "start": {
          "line": 13,
          "column": 19
        },
        "end": {
          "line": 13,
          "column": 32
        }
      },
      "4": {
        "start": {
          "line": 14,
          "column": 23
        },
        "end": {
          "line": 14,
          "column": 32
        }
      },
      "5": {
        "start": {
          "line": 15,
          "column": 17
        },
        "end": {
          "line": 36,
          "column": 3
        }
      },
      "6": {
        "start": {
          "line": 16,
          "column": 4
        },
        "end": {
          "line": 16,
          "column": 23
        }
      },
      "7": {
        "start": {
          "line": 17,
          "column": 4
        },
        "end": {
          "line": 17,
          "column": 18
        }
      },
      "8": {
        "start": {
          "line": 18,
          "column": 4
        },
        "end": {
          "line": 18,
          "column": 21
        }
      },
      "9": {
        "start": {
          "line": 19,
          "column": 17
        },
        "end": {
          "line": 19,
          "column": 19
        }
      },
      "10": {
        "start": {
          "line": 20,
          "column": 4
        },
        "end": {
          "line": 20,
          "column": 72
        }
      },
      "11": {
        "start": {
          "line": 20,
          "column": 37
        },
        "end": {
          "line": 20,
          "column": 72
        }
      },
      "12": {
        "start": {
          "line": 21,
          "column": 4
        },
        "end": {
          "line": 21,
          "column": 71
        }
      },
      "13": {
        "start": {
          "line": 21,
          "column": 36
        },
        "end": {
          "line": 21,
          "column": 71
        }
      },
      "14": {
        "start": {
          "line": 22,
          "column": 4
        },
        "end": {
          "line": 22,
          "column": 84
        }
      },
      "15": {
        "start": {
          "line": 22,
          "column": 44
        },
        "end": {
          "line": 22,
          "column": 84
        }
      },
      "16": {
        "start": {
          "line": 23,
          "column": 4
        },
        "end": {
          "line": 27,
          "column": 5
        }
      },
      "17": {
        "start": {
          "line": 24,
          "column": 6
        },
        "end": {
          "line": 24,
          "column": 22
        }
      },
      "18": {
        "start": {
          "line": 25,
          "column": 6
        },
        "end": {
          "line": 25,
          "column": 24
        }
      },
      "19": {
        "start": {
          "line": 26,
          "column": 6
        },
        "end": {
          "line": 26,
          "column": 13
        }
      },
      "20": {
        "start": {
          "line": 28,
          "column": 4
        },
        "end": {
          "line": 35,
          "column": 5
        }
      },
      "21": {
        "start": {
          "line": 29,
          "column": 6
        },
        "end": {
          "line": 29,
          "column": 73
        }
      },
      "22": {
        "start": {
          "line": 30,
          "column": 6
        },
        "end": {
          "line": 30,
          "column": 20
        }
      },
      "23": {
        "start": {
          "line": 32,
          "column": 6
        },
        "end": {
          "line": 32,
          "column": 38
        }
      },
      "24": {
        "start": {
          "line": 34,
          "column": 6
        },
        "end": {
          "line": 34,
          "column": 24
        }
      },
      "25": {
        "start": {
          "line": 37,
          "column": 2
        },
        "end": {
          "line": 142,
          "column": 11
        }
      },
      "26": {
        "start": {
          "line": 60,
          "column": 29
        },
        "end": {
          "line": 60,
          "column": 80
        }
      },
      "27": {
        "start": {
          "line": 60,
          "column": 47
        },
        "end": {
          "line": 60,
          "column": 78
        }
      },
      "28": {
        "start": {
          "line": 79,
          "column": 29
        },
        "end": {
          "line": 79,
          "column": 83
        }
      },
      "29": {
        "start": {
          "line": 79,
          "column": 47
        },
        "end": {
          "line": 79,
          "column": 81
        }
      },
      "30": {
        "start": {
          "line": 98,
          "column": 29
        },
        "end": {
          "line": 98,
          "column": 82
        }
      },
      "31": {
        "start": {
          "line": 98,
          "column": 47
        },
        "end": {
          "line": 98,
          "column": 80
        }
      }
    },
    "fnMap": {
      "0": {
        "name": "Register",
        "decl": {
          "start": {
            "line": 9,
            "column": 24
          },
          "end": {
            "line": 9,
            "column": 32
          }
        },
        "loc": {
          "start": {
            "line": 9,
            "column": 35
          },
          "end": {
            "line": 143,
            "column": 1
          }
        },
        "line": 9
      },
      "1": {
        "name": "(anonymous_1)",
        "decl": {
          "start": {
            "line": 15,
            "column": 17
          },
          "end": {
            "line": 15,
            "column": 18
          }
        },
        "loc": {
          "start": {
            "line": 15,
            "column": 30
          },
          "end": {
            "line": 36,
            "column": 3
          }
        },
        "line": 15
      },
      "2": {
        "name": "(anonymous_2)",
        "decl": {
          "start": {
            "line": 60,
            "column": 22
          },
          "end": {
            "line": 60,
            "column": 23
          }
        },
        "loc": {
          "start": {
            "line": 60,
            "column": 29
          },
          "end": {
            "line": 60,
            "column": 80
          }
        },
        "line": 60
      },
      "3": {
        "name": "(anonymous_3)",
        "decl": {
          "start": {
            "line": 60,
            "column": 39
          },
          "end": {
            "line": 60,
            "column": 40
          }
        },
        "loc": {
          "start": {
            "line": 60,
            "column": 47
          },
          "end": {
            "line": 60,
            "column": 78
          }
        },
        "line": 60
      },
      "4": {
        "name": "(anonymous_4)",
        "decl": {
          "start": {
            "line": 79,
            "column": 22
          },
          "end": {
            "line": 79,
            "column": 23
          }
        },
        "loc": {
          "start": {
            "line": 79,
            "column": 29
          },
          "end": {
            "line": 79,
            "column": 83
          }
        },
        "line": 79
      },
      "5": {
        "name": "(anonymous_5)",
        "decl": {
          "start": {
            "line": 79,
            "column": 39
          },
          "end": {
            "line": 79,
            "column": 40
          }
        },
        "loc": {
          "start": {
            "line": 79,
            "column": 47
          },
          "end": {
            "line": 79,
            "column": 81
          }
        },
        "line": 79
      },
      "6": {
        "name": "(anonymous_6)",
        "decl": {
          "start": {
            "line": 98,
            "column": 22
          },
          "end": {
            "line": 98,
            "column": 23
          }
        },
        "loc": {
          "start": {
            "line": 98,
            "column": 29
          },
          "end": {
            "line": 98,
            "column": 82
          }
        },
        "line": 98
      },
      "7": {
        "name": "(anonymous_7)",
        "decl": {
          "start": {
            "line": 98,
            "column": 39
          },
          "end": {
            "line": 98,
            "column": 40
          }
        },
        "loc": {
          "start": {
            "line": 98,
            "column": 47
          },
          "end": {
            "line": 98,
            "column": 80
          }
        },
        "line": 98
      }
    },
    "branchMap": {
      "0": {
        "loc": {
          "start": {
            "line": 20,
            "column": 4
          },
          "end": {
            "line": 20,
            "column": 72
          }
        },
        "type": "if",
        "locations": [
          {
            "start": {
              "line": 20,
              "column": 4
            },
            "end": {
              "line": 20,
              "column": 72
            }
          },
          {
            "start": {},
            "end": {}
          }
        ],
        "line": 20
      },
      "1": {
        "loc": {
          "start": {
            "line": 21,
            "column": 4
          },
          "end": {
            "line": 21,
            "column": 71
          }
        },
        "type": "if",
        "locations": [
          {
            "start": {
              "line": 21,
              "column": 4
            },
            "end": {
              "line": 21,
              "column": 71
            }
          },
          {
            "start": {},
            "end": {}
          }
        ],
        "line": 21
      },
      "2": {
        "loc": {
          "start": {
            "line": 22,
            "column": 4
          },
          "end": {
            "line": 22,
            "column": 84
          }
        },
        "type": "if",
        "locations": [
          {
            "start": {
              "line": 22,
              "column": 4
            },
            "end": {
              "line": 22,
              "column": 84
            }
          },
          {
            "start": {},
            "end": {}
          }
        ],
        "line": 22
      },
      "3": {
        "loc": {
          "start": {
            "line": 23,
            "column": 4
          },
          "end": {
            "line": 27,
            "column": 5
          }
        },
        "type": "if",
        "locations": [
          {
            "start": {
              "line": 23,
              "column": 4
            },
            "end": {
              "line": 27,
              "column": 5
            }
          },
          {
            "start": {},
            "end": {}
          }
        ],
        "line": 23
      },
      "4": {
        "loc": {
          "start": {
            "line": 50,
            "column": 8
          },
          "end": {
            "line": 54,
            "column": 16
          }
        },
        "type": "binary-expr",
        "locations": [
          {
            "start": {
              "line": 50,
              "column": 8
            },
            "end": {
              "line": 50,
              "column": 18
            }
          },
          {
            "start": {
              "line": 50,
              "column": 38
            },
            "end": {
              "line": 54,
              "column": 16
[...]
          "end": {
            "line": 16,
            "column": 66
          }
        },
        "line": 16
      },
      "2": {
        "name": "(anonymous_2)",
        "decl": {
          "start": {
            "line": 22,
            "column": 22
          },
          "end": {
            "line": 22,
            "column": 23
          }
        },
        "loc": {
          "start": {
            "line": 22,
            "column": 29
          },
          "end": {
            "line": 75,
            "column": 1
          }
        },
        "line": 22
      },
      "3": {
        "name": "(anonymous_3)",
        "decl": {
          "start": {
            "line": 27,
            "column": 12
          },
          "end": {
            "line": 27,
            "column": 13
          }
        },
        "loc": {
          "start": {
            "line": 27,
            "column": 18
          },
          "end": {
            "line": 72,
            "column": 3
          }
        },
        "line": 27
      },
      "4": {
        "name": "(anonymous_4)",
        "decl": {
          "start": {
            "line": 30,
            "column": 17
          },
          "end": {
            "line": 30,
            "column": 18
          }
        },
        "loc": {
          "start": {
            "line": 30,
            "column": 29
          },
          "end": {
            "line": 65,
            "column": 5
          }
        },
        "line": 30
      },
      "5": {
        "name": "(anonymous_5)",
        "decl": {
          "start": {
            "line": 69,
            "column": 11
          },
          "end": {
            "line": 69,
            "column": 12
          }
        },
        "loc": {
          "start": {
            "line": 69,
            "column": 17
          },
          "end": {
            "line": 71,
            "column": 5
          }
        },
        "line": 69
      }
    },
    "branchMap": {
      "0": {
        "loc": {
          "start": {
            "line": 38,
            "column": 8
          },
          "end": {
            "line": 42,
            "column": 9
          }
        },
        "type": "if",
        "locations": [
          {
            "start": {
              "line": 38,
              "column": 8
            },
            "end": {
              "line": 42,
              "column": 9
            }
          },
          {
            "start": {
              "line": 40,
              "column": 15
            },
            "end": {
              "line": 42,
              "column": 9
            }
          }
        ],
        "line": 38
      },
      "1": {
        "loc": {
          "start": {
            "line": 47,
            "column": 8
          },
          "end": {
            "line": 49,
            "column": 9
          }
        },
        "type": "if",
        "locations": [
          {
            "start": {
              "line": 47,
              "column": 8
            },
            "end": {
              "line": 49,
              "column": 9
            }
          },
          {
            "start": {},
            "end": {}
          }
        ],
        "line": 47
      },
      "2": {
        "loc": {
          "start": {
            "line": 53,
            "column": 8
          },
          "end": {
            "line": 55,
            "column": 9
          }
        },
        "type": "if",
        "locations": [
          {
            "start": {
              "line": 53,
              "column": 8
            },
            "end": {
              "line": 55,
              "column": 9
            }
          },
          {
            "start": {},
            "end": {}
          }
        ],
        "line": 53
      },
      "3": {
        "loc": {
          "start": {
            "line": 57,
            "column": 8
          },
          "end": {
            "line": 59,
            "column": 9
          }
        },
        "type": "if",
        "locations": [
          {
            "start": {
              "line": 57,
              "column": 8
            },
            "end": {
              "line": 59,
              "column": 9
            }
          },
          {
            "start": {},
            "end": {}
          }
        ],
        "line": 57
      },
      "4": {
        "loc": {
          "start": {
            "line": 58,
            "column": 19
          },
          "end": {
            "line": 58,
            "column": 74
          }
        },
        "type": "cond-expr",
        "locations": [
          {
            "start": {
              "line": 58,
              "column": 42
            },
            "end": {
              "line": 58,
              "column": 45
            }
          },
          {
            "start": {
              "line": 58,
              "column": 48
            },
            "end": {
              "line": 58,
              "column": 74
            }
          }
        ],
        "line": 58
      },
      "5": {
        "loc": {
          "start": {
            "line": 61,
            "column": 8
          },
          "end": {
            "line": 63,
            "column": 9
          }
        },
        "type": "if",
        "locations": [
          {
            "start": {
              "line": 61,
              "column": 8
            },
            "end": {
              "line": 63,
              "column": 9
            }
          },
          {
            "start": {},
            "end": {}
          }
        ],
        "line": 61
      }
    },
    "s": {
      "0": 2,
      "1": 2,
      "2": 2,
      "3": 2,
      "4": 2,
      "5": 4,
      "6": 4,
      "7": 4,
      "8": 4,
      "9": 2,
      "10": 2,
      "11": 2,
      "12": 2,
      "13": 2,
      "14": 2,
      "15": 2,
      "16": 2,
      "17": 0,
      "18": 2,
      "19": 2,
      "20": 2,
      "21": 0,
      "22": 2,
      "23": 2,
      "24": 2,
      "25": 0,
      "26": 0,
      "27": 2,
      "28": 2,
      "29": 2,
      "30": 2,
      "31": 0,
      "32": 4
    },
    "f": {
      "0": 2,
      "1": 2,
      "2": 4,
      "3": 2,
      "4": 2,
      "5": 0
    },
    "b": {
      "0": [2, 0],
      "1": [0, 2],
      "2": [2, 0],
      "3": [0, 0],
      "4": [0, 0],
      "5": [2, 0]
    },
    "inputSourceMap": {
      "version": 3,
      "sources": [
        "C:/Users/Antony/Desktop/SkShH - Web-dev/SkillShare-Hub/skillshare-hub/web/src/hooks/useApi.js"
      ],
      "names": [],
      "mappings": "AAAA,MAAM,CAAC,CAAC,CAAC,QAAQ,CAAC,CAAC,SAAS,CAAC,CAAC,CAAC,IAAI,CAAC,CAAC,KAAK,CAAC,CAAC;AAC5C;AACA,KAAK,CAAC,UAAU,CAAC,CAAC,CAAC,CAAC;AACpB,CAAC,CAAC,CAAC,CAAC,EAAE,CAAC,CAAC,CAAC,CAAC,CAAC,IAAI,CAAC,CAAC,CAAC,KAAK,CAAC,MAAM,CAAC,CAAC,CAAC,QAAQ,CAAC,CAAC,CAAC,WAAW,CAAC,CAAC,OAAO,CAAC,CAAC,CAAC,MAAM,CAAC,CAAC,CAAC,CAAC,CAAC,CAAC,CAAC,CAAC,CAAC,OAAO,CAAC,CAAC,EAAE,CAAC,CAAC,CAAC;AAChG,CAAC,CAAC,CAAC;AACH,CAAC,CAAC,CAAC,CAAC,EAAE,CAAC,CAAC,CAAC,CAAC;AACV,CAAC,CAAC,CAAC,CAAC,IAAI,CAAC,CAAC,CAAC,MAAM,CAAC,OAAO,CAAC,CAAC;AAC3B,CAAC,CAAC,CAAC,CAAC,QAAQ,CAAC,CAAC,CAAC,OAAO,CAAC,MAAM,CAAC,CAAC,YAAY,CAAC,CAAC;AAC7C,CAAC,CAAC,CAAC,CAAC,MAAM,CAAC,CAAC,CAAC,CAAC,CAAC,CAAC,CAAC,CAAC;AAClB,CAAC,CAAC,CAAC,CAAC,OAAO,CAAC,CAAC,EAAE,CAAC;AAChB,CAAC,CAAC,CAAC,CAAC;AACJ,CAAC,CAAC,CAAC,CAAC,EAAE,CAAC,CAAC,CAAC,CAAC,CAAC,IAAI,CAAC,CAAC,CAAC,IAAI,CAAC,MAAM,CAAC,CAAC,CAAC,QAAQ,CAAC,CAAC,CAAC,MAAM,CAAC,CAAC,GAAG,CAAC,WAAW,CAAC,CAAC,CAAC,MAAM,CAAC,CAAC,CAAC,CAAC,CAAC,CAAC,CAAC,CAAC,CAAC,OAAO,CAAC,CAAC,EAAE,CAAC,CAAC,CAAC;AAClG,CAAC,CAAC,CAAC,CAAC,EAAE,CAAC,CAAC,CAAC,CAAC,CAAC,IAAI,CAAC,CAAC,CAAC,MAAM,CAAC,KAAK,CAAC,CAAC,CAAC,QAAQ,CAAC,CAAC,CAAC,OAAO,CAAC,CAAC,OAAO,CAAC,QAAQ,CAAC,CAAC,CAAC,MAAM,CAAC,CAAC,CAAC,CAAC,CAAC,CAAC,CAAC,CAAC,CAAC,OAAO,CAAC,CAAC,CAAC,CAAC,CAAC,CAAC;AACpG,CAAC,CAAC;AACF;AACA,KAAK,CAAC,KAAK,CAAC,CAAC,CAAC,EAAE,CAAC,CAAC,CAAC,CAAC,GAAG,CAAC,OAAO,CAAC,OAAO,CAAC,CAAC,CAAC,CAAC,UAAU,CAAC,OAAO,CAAC,CAAC,EAAE,CAAC,CAAC,CAAC;AACpE;AACA,CAAC,CAAC,CAAC;AACH,CAAC,CAAC,CAAC,CAAC,KAAK,CAAC,CAAC,MAAM,CAAC,CAAC,GAAG;AACtB,CAAC,CAAC,CAAC,CAAC,OAAO,CAAC,CAAC,CAAC,CAAC,IAAI,CAAC,CAAC,GAAG,CAAC,CAAC,OAAO,CAAC,CAAC,OAAO,CAAC,CAAC,KAAK,CAAC,CAAC,KAAK,CAAC,CAAC,CAAC,IAAI,CAAC,CAAC,CAAC;AAClE,CAAC,CAAC,CAAC;AACH,MAAM,CAAC,KAAK,CAAC,MAAM,CAAC,CAAC,CAAC,GAAG,CAAC,CAAC,CAAC,CAAC,CAAC;AAC9B,CAAC,CAAC,KAAK,CAAC,CAAC,IAAI,CAAC,CAAC,OAAO,CAAC,CAAC,CAAC,CAAC,QAAQ,CAAC,IAAI,CAAC,CAAC;AACzC,CAAC,CAAC,KAAK,CAAC,CAAC,OAAO,CAAC,CAAC,UAAU,CAAC,CAAC,CAAC,CAAC,QAAQ,CAAC,IAAI,CAAC,CAAC;AAC/C,CAAC,CAAC,KAAK,CAAC,CAAC,KAAK,CAAC,CAAC,QAAQ,CAAC,CAAC,CAAC,CAAC,QAAQ,CAAC,IAAI,CAAC,CAAC;AAC3C;AACA,CAAC,CAAC,SAAS,CAAC,CAAC,CAAC,CAAC,CAAC,CAAC,CAAC,CAAC;AACnB,CAAC,CAAC,CAAC,CAAC,GAAG,CAAC,SAAS,CAAC,CAAC,CAAC,KAAK,CAAC;AAC1B;AACA,CAAC,CAAC,CAAC,CAAC,KAAK,CAAC,IAAI,CAAC,CAAC,CAAC,KAAK,CAAC,CAAC,CAAC,CAAC,CAAC,CAAC,CAAC,CAAC;AAC9B,CAAC,CAAC,CAAC,CAAC,CAAC,CAAC,UAAU,CAAC,IAAI,CAAC,CAAC;AACvB,CAAC,CAAC,CAAC,CAAC,CAAC,CAAC,QAAQ,CAAC,IAAI,CAAC,CAAC;AACrB;AACA,CAAC,CAAC,CAAC,CAAC,CAAC,CAAC,GAAG,CAAC,CAAC;AACX,CAAC,CAAC,CAAC,CAAC,CAAC,CAAC,CAAC,CAAC,KAAK,CAAC,KAAK,CAAC,IAAI,CAAC,CAAC;AAC1B;AACA,CAAC,CAAC,CAAC,CAAC,CAAC,CAAC,CAAC,CAAC,GAAG,CAAC,OAAO,CAAC;AACpB,CAAC,CAAC,CAAC,CAAC,CAAC,CAAC,CAAC,CAAC,EAAE,CAAC,CAAC,GAAG,CAAC,CAAC,CAAC,CAAC,CAAC,CAAC,CAAC,KAAK,CAAC,CAAC,CAAC,CAAC;AAC/B,CAAC,CAAC,CAAC,CAAC,CAAC,CAAC,CAAC,CAAC,CAAC,CAAC,OAAO,CAAC,CAAC,CAAC,UAAU,CAAC;AAC/B,CAAC,CAAC,CAAC,CAAC,CAAC,CAAC,CAAC,CAAC,CAAC,CAAC,IAAI,CAAC,CAAC;AAChB,CAAC,CAAC,CAAC,CAAC,CAAC,CAAC,CAAC,CAAC,CAAC,CAAC,OAAO,CAAC,CAAC,CAAC,CAAC,CAAC,CAAC;AACvB,CAAC,CAAC,CAAC,CAAC,CAAC,CAAC,CAAC,CAAC,CAAC;AACT;AACA,CAAC,CAAC,CAAC,CAAC,CAAC,CAAC,CAAC,CAAC,KAAK,CAAC,OAAO,CAAC,CAAC,CAAC,kBAAkB,CAAC,IAAI,CAAC,SAAS,CAAC,OAAO,CAAC,CAAC,CAAC;AACpE,CAAC,CAAC,CAAC,CAAC,CAAC,CAAC,CAAC,CAAC,KAAK,CAAC,GAAG,CAAC,CAAC,CAAC,KAAK,CAAC,KAAK,CAAC,CAAC,IAAI,CAAC,WAAW,CAAC,IAAI,CAAC,CAAC,CAAC,OAAO,CAAC,CAAC,CAAC,CAAC;AACpE;AACA,CAAC,CAAC,CAAC,CAAC,CAAC,CAAC,CAAC,CAAC,EAAE,CAAC,CAAC,CAAC,GAAG,CAAC,EAAE,CAAC,CAAC,CAAC;AACtB,CAAC,CAAC,CAAC,CAAC,CAAC,CAAC,CAAC,CAAC,CAAC,CAAC,KAAK,CAAC,GAAG,CAAC,KAAK,CAAC,CAAC,MAAM,CAAC,EAAE,CAAC,KAAK,CAAC,CAAC,CAAC,GAAG,CAAC,CAAC,CAAC,CAAC,CAAC,GAAG,CAAC,MAAM,CAAC,CAAC,CAAC,CAAC;AACnE,CAAC,CAAC,CAAC,CAAC,CAAC,CAAC,CAAC,CAAC,CAAC;AACT;AACA,CAAC,CAAC,CAAC,CAAC,CAAC,CAAC,CAAC,CAAC,KAAK,CAAC,IAAI,CAAC,CAAC,CAAC,KAAK,CAAC,GAAG,CAAC,IAAI,CAAC,CAAC,CAAC;AACtC;AACA,CAAC,CAAC,CAAC,CAAC,CAAC,CAAC,CAAC,CAAC,EAAE,CAAC,CAAC,CAAC,SAAS,CAAC,CAAC,CAAC;AACzB,CAAC,CAAC,CAAC,CAAC,CAAC,CAAC,CAAC,CAAC,CAAC,CAAC,OAAO,CAAC,IAAI,CAAC,CAAC;AACxB,CAAC,CAAC,CAAC,CAAC,CAAC,CAAC,CAAC,CAAC,CAAC;AACT,CAAC,CAAC,CAAC,CAAC,CAAC,CAAC,CAAC,CAAC,KAAK,CAAC,CAAC,GAAG,CAAC,CAAC,CAAC;AACrB,CAAC,CAAC,CAAC,CAAC,CAAC,CAAC,CAAC,CAAC,EAAE,CAAC,CAAC,CAAC,SAAS,CAAC,CAAC,CAAC;AACzB,CAAC,CAAC,CAAC,CAAC,CAAC,CAAC,CAAC,CAAC,CAAC,CAAC,QAAQ,CAAC,GAAG,CAAC,UAAU,CAAC,KAAK,CAAC,CAAC,CAAC,GAAG,CAAC,CAAC,CAAC,GAAG,CAAC,KAAK,CAAC,CAAC,OAAO,CAAC,KAAK,CAAC,CAAC,CAAC,CAAC;AAC5E,CAAC,CAAC,CAAC,CAAC,CAAC,CAAC,CAAC,CAAC,CAAC;AACT,CAAC,CAAC,CAAC,CAAC,CAAC,CAAC,CAAC,CAAC,OAAO,CAAC,CAAC;AACjB,CAAC,CAAC,CAAC,CAAC,CAAC,CAAC,CAAC,CAAC,EAAE,CAAC,CAAC,CAAC,SAAS,CAAC,CAAC,CAAC;AACzB,CAAC,CAAC,CAAC,CAAC,CAAC,CAAC,CAAC,CAAC,CAAC,CAAC,UAAU,CAAC,KAAK,CAAC,CAAC;AAC5B,CAAC,CAAC,CAAC,CAAC,CAAC,CAAC,CAAC,CAAC,CAAC;AACT,CAAC,CAAC,CAAC,CAAC,CAAC,CAAC,CAAC;AACP,CAAC,CAAC,CAAC,CAAC,CAAC,CAAC;AACN;AACA,CAAC,CAAC,CAAC,CAAC,IAAI,CAAC,CAAC,CAAC;AACX;AACA,CAAC,CAAC,CAAC,CAAC,MAAM,CAAC,CAAC,CAAC,CAAC,CAAC,CAAC,CAAC,CAAC;AAClB,CAAC,CAAC,CAAC,CAAC,CAAC,CAAC,SAAS,CAAC,CAAC,CAAC,IAAI,CAAC;AACvB,CAAC,CAAC,CAAC,CAAC,CAAC,CAAC;AACN,CAAC,CAAC,CAAC,CAAC,CAAC,CAAC,GAAG,CAAC,CAAC,CAAC;AACZ;AACA,CAAC,CAAC,MAAM,CAAC,CAAC,CAAC,IAAI,CAAC,CAAC,OAAO,CAAC,CAAC,KAAK,CAAC,CAAC,CAAC;AAClC,CAAC,CAAC;"
    },
    "_coverageSchema": "1a1c01bbd47fc00a2c39e90264f33305004495a9",
    "hash": "4e07abe57fe5d198374f76afb2bee5d2d1208ab9"
  },
  "C:/Users/Antony/Desktop/SkShH - Web-dev/SkillShare-Hub/skillshare-hub/web/src/pages/Search.jsx": {
    "path": "C:/Users/Antony/Desktop/SkShH - Web-dev/SkillShare-Hub/skillshare-hub/web/src/pages/Search.jsx",
    "statementMap": {
      "0": {
        "start": {
          "line": 8,
          "column": 44
        },
        "end": {
          "line": 8,
          "column": 60
        }
      },
      "1": {
        "start": {
          "line": 9,
          "column": 24
        },
        "end": {
          "line": 69,
          "column": 3
        }
      },
      "2": {
        "start": {
          "line": 10,
          "column": 4
        },
        "end": {
          "line": 16,
          "column": 5
        }
      },
      "3": {
        "start": {
          "line": 11,
          "column": 6
        },
        "end": {
          "line": 15,
          "column": 15
        }
      },
      "4": {
        "start": {
          "line": 17,
          "column": 4
        },
        "end": {
          "line": 26,
          "column": 5
        }
      },
      "5": {
        "start": {
          "line": 18,
          "column": 6
        },
        "end": {
          "line": 25,
          "column": 15
        }
      },
      "6": {
        "start": {
          "line": 27,
          "column": 4
        },
        "end": {
          "line": 33,
          "column": 5
        }
      },
      "7": {
        "start": {
          "line": 28,
          "column": 6
        },
        "end": {
          "line": 32,
          "column": 15
        }
      },
      "8": {
        "start": {
          "line": 34,
          "column": 4
        },
        "end": {
          "line": 68,
          "column": 13
        }
      },
      "9": {
        "start": {
          "line": 34,
          "column": 112
        },
        "end": {
          "line": 64,
          "column": 12
        }
      },
      "10": {
        "start": {
          "line": 70,
          "column": 2
        },
        "end": {
          "line": 118,
          "column": 11
        }
      }
    },
    "fnMap": {
      "0": {
        "name": "Search",
        "decl": {
          "start": {
            "line": 7,
            "column": 24
          },
          "end": {
            "line": 7,
            "column": 30
          }
        },
        "loc": {
          "start": {
            "line": 7,
            "column": 33
          },
          "end": {
            "line": 119,
            "column": 1
          }
        },
        "line": 7
      },
      "1": {
        "name": "(anonymous_1)",
        "decl": {
          "start": {
            "line": 9,
            "column": 24
          },
          "end": {
            "line": 9,
            "column": 25
          }
        },
        "loc": {
          "start": {
            "line": 9,
            "column": 30
          },
          "end": {
            "line": 69,
            "column": 3
          }
        },
        "line": 9
      },
      "2": {
        "name": "(anonymous_2)",
        "decl": {
          "start": {
            "line": 34,
            "column": 89
          },
          "end": {
            "line": 34,
            "column": 90
          }
        },
        "loc": {
          "start": {
            "line": 34,
            "column": 112
          },
          "end": {
            "line": 64,
            "column": 12
          }
        },
        "line": 34
      }
    },
    "branchMap": {
      "0": {
        "loc": {
          "start": {
            "line": 10,
            "column": 4
          },
          "end": {
            "line": 16,
            "column": 5
          }
        },
        "type": "if",
        "locations": [
          {
            "start": {
              "line": 10,
              "column": 4
            },
            "end": {
              "line": 16,
              "column": 5
            }
          },
          {
            "start": {},
            "end": {}
          }
        ],
        "line": 10
      },
      "1": {
        "loc": {
          "start": {
            "line": 17,
            "column": 4
          },
          "end": {
            "line": 26,
            "column": 5
          }
        },
        "type": "if",
        "locations": [
          {
            "start": {
              "line": 17,
              "column": 4
            },
            "end": {
              "line": 26,
              "column": 5
            }
          },
          {
            "start": {},
            "end": {}
          }
        ],
        "line": 17
      },
      "2": {
        "loc": {
          "start": {
            "line": 27,
            "column": 4
          },
          "end": {
            "line": 33,
            "column": 5
          }
        },
        "type": "if",
        "locations": [
          {
            "start": {
              "line": 27,
              "column": 4
            },
            "end": {
              "line": 33,
              "column": 5
            }
          },
          {
            "start": {},
            "end": {}
          }
        ],
        "line": 27
      },
      "3": {
        "loc": {
          "start": {
            "line": 27,
            "column": 8
          },
          "end": {
            "line": 27,
            "column": 40
          }
        },
        "type": "binary-expr",
        "locations": [
          {
            "start": {
              "line": 27,
              "column": 8
            },
            "end": {
              "line": 27,
              "column": 16
            }
          },
          {
            "start": {
              "line": 27,
              "column": 20
            },
            "end": {
              "line": 27,
              "column": 40
            }
          }
        ],
        "line": 27
      }
    },
    "s": {
      "0": 4,
      "1": 4,
      "2": 4,
      "3": 2,
      "4": 2,
      "5": 0,
      "6": 2,
      "7": 0,
      "8": 2,
      "9": 8,
      "10": 4
    },
    "f": {
      "0": 4,
      "1": 4,
      "2": 8
    },
    "b": {
      "0": [2, 2],
      "1": [0, 2],
      "2": [0, 2],
      "3": [2, 2]
    },
    "inputSourceMap": {
      "version": 3,
      "sources": [
        "C:/Users/Antony/Desktop/SkShH - Web-dev/SkillShare-Hub/skillshare-hub/web/src/pages/Search.jsx"
      ],
      "mappings": "AAWa,SA4BT,UA5BS;AAXb,OAAO,YAAY;AACnB,OAAO,WAAW;AAClB,OAAO,cAAc;AACrB,OAAO,YAAY;AACnB,SAAS,cAAc;AAEvB,wBAAwB,SAAS;AAC/B,QAAM,EAAE,MAAM,SAAS,SAAS,MAAM,IAAI,OAAO,QAAQ;AAEzD,QAAM,gBAAgB,MAAM;AAC1B,QAAI,SAAS;AACX,aAAO,uBAAC,OAAE,kCAAH;AAAA;AAAA;AAAA;AAAA,aAAqB;AAAA,IAC9B;AAEA,QAAI,OAAO;AACT,aAAO,uBAAC,OAAE,WAAW,OAAO,OAAO;AAAA;AAAA,QAAyB,MAAM;AAAA,WAA3D;AAAA;AAAA;AAAA;AAAA,aAAmE;AAAA,IAC5E;AAEA,QAAI,CAAC,WAAW,QAAQ,WAAW,GAAG;AACpC,aAAO,uBAAC,OAAE,iCAAH;AAAA;AAAA;AAAA;AAAA,aAAoB;AAAA,IAC7B;AAEA,WACE,uBAAC,SAAI,WAAW,OAAO,MACpB,kBAAQ,IAAI,OACX,uBAAC,SAAe,WAAW,OAAO,QAChC;AAAA,6BAAC,SAAI,WAAW,OAAO,QAAS,YAAE,KAAK,CAAC,KAAxC;AAAA;AAAA;AAAA;AAAA,aAA0C;AAAA,MAC1C,uBAAC,SAAI,WAAW,OAAO,MAAO,YAAE,QAAhC;AAAA;AAAA;AAAA;AAAA,aAAqC;AAAA,MACrC,uBAAC,SAAI,WAAW,OAAO,KAAM,YAAE,YAA/B;AAAA;AAAA;AAAA;AAAA,aAAwC;AAAA,MACxC,uBAAC,SAAI,WAAW,OAAO,MACpB;AAAA,UAAE;AAAA,QAAO;AAAA,QAAI,EAAE;AAAA,QAAQ;AAAA,WAD1B;AAAA;AAAA;AAAA;AAAA,aAEA;AAAA,SANQ,EAAE,IAAZ;AAAA;AAAA;AAAA;AAAA,WAOA,CACD,KAVH;AAAA;AAAA;AAAA;AAAA,WAWA;AAAA,EAEJ;AAEA,SACE,mCACE;AAAA,2BAAC,UAAO,OAAM,kBAAiB,MAAI,QAAnC;AAAA;AAAA;AAAA;AAAA,WAAoC;AAAA,IACpC,uBAAC,UAAK,WAAW,OAAO,MACtB;AAAA,6BAAC,SAAM,aAAY,YAAnB;AAAA;AAAA;AAAA;AAAA,aAA4B;AAAA,MAC5B,uBAAC,SAAI,WAAW,OAAO,SACrB;AAAA,+BAAC,YAAS,sBAAV;AAAA;AAAA;AAAA;AAAA,eAAgB;AAAA,QAChB,uBAAC,YAAS,yBAAV;AAAA;AAAA;AAAA;AAAA,eAAmB;AAAA,QACnB,uBAAC,YAAS,4BAAV;AAAA;AAAA;AAAA;AAAA,eAAsB;AAAA,WAHxB;AAAA;AAAA;AAAA;AAAA,aAIA;AAAA,MAEA,uBAAC,QAAG,WAAW,OAAO,SAAS,uBAA/B;AAAA;AAAA;AAAA;AAAA,aAAsC;AAAA,MAErC,cAAc;AAAA,SAVjB;AAAA;AAAA;AAAA;AAAA,WAWA;AAAA,OAbF;AAAA;AAAA;AAAA;AAAA,SAcA;AAEJ;",
      "names": []
    },
    "_coverageSchema": "1a1c01bbd47fc00a2c39e90264f33305004495a9",
    "hash": "377bdfd85cfb89444f4b73a0e27a445ad4656ec4"
  }
}
